::1 - - [15/Jan/2014:23:10:45 -0800] "GET / HTTP/1.1" 200 11306
::1 - - [15/Jan/2014:23:10:45 -0800] "GET /css/base.css HTTP/1.1" 200 43129
::1 - - [15/Jan/2014:23:10:45 -0800] "GET /css/themes/type_10.css HTTP/1.1" 200 8855
::1 - - [15/Jan/2014:23:10:45 -0800] "GET /css/themes/color_05.css HTTP/1.1" 200 3138
::1 - - [15/Jan/2014:23:10:45 -0800] "GET /js/libs/modernizr.min.js HTTP/1.1" 200 2293
::1 - - [15/Jan/2014:23:10:45 -0800] "GET /js/libs/jquery-1.8.3.min.js HTTP/1.1" 200 93637
::1 - - [15/Jan/2014:23:10:45 -0800] "GET /js/libs/jquery.easing.1.3.min.js HTTP/1.1" 200 3436
::1 - - [15/Jan/2014:23:10:45 -0800] "GET /js/libs/jquery.fitvids.js HTTP/1.1" 200 2915
::1 - - [15/Jan/2014:23:10:45 -0800] "GET /js/script.js HTTP/1.1" 200 9781
::1 - - [15/Jan/2014:23:10:45 -0800] "GET /images/projects/vt.png HTTP/1.1" 200 22055
::1 - - [15/Jan/2014:23:10:45 -0800] "GET /images/projects/Army.png HTTP/1.1" 200 271840
::1 - - [15/Jan/2014:23:10:45 -0800] "GET /images/projects/marines.png HTTP/1.1" 200 335491
::1 - - [15/Jan/2014:23:10:46 -0800] "GET /images/site_preloader.gif HTTP/1.1" 200 9304
::1 - - [15/Jan/2014:23:10:46 -0800] "GET /images/masks/f0f0f0_01.png HTTP/1.1" 200 1286
::1 - - [15/Jan/2014:23:10:45 -0800] "GET /images/my_pic_crop.png HTTP/1.1" 200 12008544
::1 - - [15/Jan/2014:23:10:46 -0800] "GET /images/favicons/favicon.ico HTTP/1.1" 200 1150
::1 - - [15/Jan/2014:23:14:17 -0800] "GET / HTTP/1.1" 200 11306
::1 - - [15/Jan/2014:23:14:17 -0800] "GET /css/base.css HTTP/1.1" 304 -
::1 - - [15/Jan/2014:23:14:17 -0800] "GET /css/themes/type_10.css HTTP/1.1" 304 -
::1 - - [15/Jan/2014:23:14:17 -0800] "GET /css/themes/color_05.css HTTP/1.1" 304 -
::1 - - [15/Jan/2014:23:14:17 -0800] "GET /js/script.js HTTP/1.1" 200 9781
::1 - - [15/Jan/2014:23:14:17 -0800] "GET /js/libs/jquery.easing.1.3.min.js HTTP/1.1" 200 3436
::1 - - [15/Jan/2014:23:14:17 -0800] "GET /js/libs/jquery.fitvids.js HTTP/1.1" 200 2915
::1 - - [15/Jan/2014:23:14:17 -0800] "GET /js/libs/modernizr.min.js HTTP/1.1" 200 2293
::1 - - [15/Jan/2014:23:14:17 -0800] "GET /js/libs/jquery-1.8.3.min.js HTTP/1.1" 200 93637
::1 - - [15/Jan/2014:23:14:17 -0800] "GET /images/projects/vt.png HTTP/1.1" 304 -
::1 - - [15/Jan/2014:23:14:17 -0800] "GET /images/projects/marines.png HTTP/1.1" 304 -
::1 - - [15/Jan/2014:23:14:17 -0800] "GET /images/projects/Army.png HTTP/1.1" 304 -
::1 - - [15/Jan/2014:23:14:17 -0800] "GET /images/my_pic_crop.png HTTP/1.1" 304 -
::1 - - [15/Jan/2014:23:14:17 -0800] "GET /images/site_preloader.gif HTTP/1.1" 200 9304
::1 - - [15/Jan/2014:23:14:17 -0800] "GET /images/favicons/favicon.ico HTTP/1.1" 200 1150
::1 - - [15/Jan/2014:23:14:17 -0800] "GET /images/favicons/favicon.ico HTTP/1.1" 200 1150
::1 - - [15/Jan/2014:23:15:17 -0800] "-" 408 -
::1 - - [15/Jan/2014:23:15:17 -0800] "-" 408 -
::1 - - [15/Jan/2014:23:16:20 -0800] "GET / HTTP/1.1" 200 10283
::1 - - [15/Jan/2014:23:16:20 -0800] "GET /polysimplicity/media/css/style.css HTTP/1.1" 500 526
::1 - - [15/Jan/2014:23:16:20 -0800] "GET /polysimplicity/media/css/controllers/web/Home/index.css HTTP/1.1" 500 526
::1 - - [15/Jan/2014:23:16:20 -0800] "GET /polysimplicity/media/js/jquery/jquery-1.8.2.min.js HTTP/1.1" 500 526
::1 - - [15/Jan/2014:23:16:20 -0800] "GET /polysimplicity/media/js/jquery/jquery-validation.js HTTP/1.1" 500 526
::1 - - [15/Jan/2014:23:16:20 -0800] "GET /polysimplicity/media/js/jqueryui/jquery-ui-1.9.1.custom.min.js HTTP/1.1" 500 526
::1 - - [15/Jan/2014:23:16:20 -0800] "GET /polysimplicity/media/js/ticketer/jquery.ticker.js HTTP/1.1" 500 526
::1 - - [15/Jan/2014:23:16:20 -0800] "GET /polysimplicity/media/js/camera/camera.js HTTP/1.1" 500 526
::1 - - [15/Jan/2014:23:16:20 -0800] "GET /polysimplicity/media/js/controllers/web/Home/index.js HTTP/1.1" 500 526
::1 - - [15/Jan/2014:23:16:20 -0800] "GET /polysimplicity/media/images/konami-logo.gif HTTP/1.1" 500 526
::1 - - [15/Jan/2014:23:16:20 -0800] "GET /polysimplicity/media/images/konami-logo.gif HTTP/1.1" 500 526
::1 - - [15/Jan/2014:23:16:21 -0800] "GET /favicon.ico HTTP/1.1" 500 526
::1 - - [15/Jan/2014:23:16:27 -0800] "GET / HTTP/1.1" 200 10283
::1 - - [15/Jan/2014:23:16:27 -0800] "GET /polysimplicity/media/css/style.css HTTP/1.1" 500 526
::1 - - [15/Jan/2014:23:16:27 -0800] "GET /polysimplicity/media/js/camera/camera.js HTTP/1.1" 500 526
::1 - - [15/Jan/2014:23:16:27 -0800] "GET /polysimplicity/media/js/ticketer/jquery.ticker.js HTTP/1.1" 500 526
::1 - - [15/Jan/2014:23:16:27 -0800] "GET /polysimplicity/media/css/controllers/web/Home/index.css HTTP/1.1" 500 526
::1 - - [15/Jan/2014:23:16:27 -0800] "GET /polysimplicity/media/js/controllers/web/Home/index.js HTTP/1.1" 500 526
::1 - - [15/Jan/2014:23:16:27 -0800] "GET /polysimplicity/media/js/jquery/jquery-validation.js HTTP/1.1" 500 526
::1 - - [15/Jan/2014:23:16:27 -0800] "GET /polysimplicity/media/js/jquery/jquery-1.8.2.min.js HTTP/1.1" 500 526
::1 - - [15/Jan/2014:23:16:27 -0800] "GET /polysimplicity/media/js/jqueryui/jquery-ui-1.9.1.custom.min.js HTTP/1.1" 500 526
::1 - - [15/Jan/2014:23:16:27 -0800] "GET /polysimplicity/media/images/konami-logo.gif HTTP/1.1" 500 526
::1 - - [15/Jan/2014:23:16:27 -0800] "GET /polysimplicity/media/images/konami-logo.gif HTTP/1.1" 500 526
::1 - - [15/Jan/2014:23:16:27 -0800] "GET /favicon.ico HTTP/1.1" 500 526
::1 - - [15/Jan/2014:23:16:28 -0800] "GET / HTTP/1.1" 200 10283
::1 - - [15/Jan/2014:23:16:28 -0800] "GET /polysimplicity/media/css/style.css HTTP/1.1" 500 526
::1 - - [15/Jan/2014:23:16:28 -0800] "GET /polysimplicity/media/js/jquery/jquery-validation.js HTTP/1.1" 500 526
::1 - - [15/Jan/2014:23:16:28 -0800] "GET /polysimplicity/media/js/jquery/jquery-1.8.2.min.js HTTP/1.1" 500 526
::1 - - [15/Jan/2014:23:16:28 -0800] "GET /polysimplicity/media/images/konami-logo.gif HTTP/1.1" 500 526
::1 - - [15/Jan/2014:23:16:28 -0800] "GET /polysimplicity/media/css/controllers/web/Home/index.css HTTP/1.1" 500 526
::1 - - [15/Jan/2014:23:16:28 -0800] "GET /polysimplicity/media/js/jqueryui/jquery-ui-1.9.1.custom.min.js HTTP/1.1" 500 526
::1 - - [15/Jan/2014:23:16:28 -0800] "GET /polysimplicity/media/js/ticketer/jquery.ticker.js HTTP/1.1" 500 526
::1 - - [15/Jan/2014:23:16:28 -0800] "GET /polysimplicity/media/js/controllers/web/Home/index.js HTTP/1.1" 500 526
::1 - - [15/Jan/2014:23:16:28 -0800] "GET /polysimplicity/media/js/camera/camera.js HTTP/1.1" 500 526
::1 - - [15/Jan/2014:23:16:28 -0800] "GET /polysimplicity/media/images/konami-logo.gif HTTP/1.1" 500 526
::1 - - [15/Jan/2014:23:16:28 -0800] "GET /favicon.ico HTTP/1.1" 500 526
::1 - - [15/Jan/2014:23:16:28 -0800] "GET /favicon.ico HTTP/1.1" 500 526
::1 - - [15/Jan/2014:23:16:30 -0800] "GET /polysimplicity/home HTTP/1.1" 500 526
::1 - - [15/Jan/2014:23:16:30 -0800] "GET /favicon.ico HTTP/1.1" 500 526
::1 - - [15/Jan/2014:23:16:30 -0800] "GET /favicon.ico HTTP/1.1" 500 526
::1 - - [15/Jan/2014:23:20:17 -0800] "GET /polysimplicity HTTP/1.1" 500 526
::1 - - [15/Jan/2014:23:20:17 -0800] "GET /favicon.ico HTTP/1.1" 500 526
::1 - - [15/Jan/2014:23:20:17 -0800] "GET /favicon.ico HTTP/1.1" 500 526
::1 - - [15/Jan/2014:23:20:20 -0800] "GET /polysimplicity HTTP/1.1" 500 526
::1 - - [15/Jan/2014:23:20:20 -0800] "GET /favicon.ico HTTP/1.1" 500 526
::1 - - [15/Jan/2014:23:20:20 -0800] "GET /favicon.ico HTTP/1.1" 500 526
::1 - - [15/Jan/2014:23:20:20 -0800] "GET /polysimplicity HTTP/1.1" 500 526
::1 - - [15/Jan/2014:23:20:20 -0800] "GET /favicon.ico HTTP/1.1" 500 526
::1 - - [15/Jan/2014:23:20:20 -0800] "GET /favicon.ico HTTP/1.1" 500 526
::1 - - [15/Jan/2014:23:20:45 -0800] "GET / HTTP/1.1" 200 11306
::1 - - [15/Jan/2014:23:20:45 -0800] "GET /js/libs/modernizr.min.js HTTP/1.1" 200 2293
::1 - - [15/Jan/2014:23:20:45 -0800] "GET /js/libs/jquery-1.8.3.min.js HTTP/1.1" 200 93637
::1 - - [15/Jan/2014:23:20:45 -0800] "GET /js/script.js HTTP/1.1" 200 9781
::1 - - [15/Jan/2014:23:20:45 -0800] "GET /js/libs/jquery.easing.1.3.min.js HTTP/1.1" 200 3436
::1 - - [15/Jan/2014:23:20:45 -0800] "GET /images/projects/marines.png HTTP/1.1" 200 335491
::1 - - [15/Jan/2014:23:20:45 -0800] "GET /js/libs/jquery.fitvids.js HTTP/1.1" 200 2915
::1 - - [15/Jan/2014:23:20:45 -0800] "GET /images/projects/Army.png HTTP/1.1" 200 271840
::1 - - [15/Jan/2014:23:20:45 -0800] "GET /images/site_preloader.gif HTTP/1.1" 200 9304
::1 - - [15/Jan/2014:23:20:45 -0800] "GET /images/my_pic_crop.png HTTP/1.1" 200 12008544
::1 - - [15/Jan/2014:23:20:45 -0800] "GET /images/favicons/favicon.ico HTTP/1.1" 200 1150
c-98-249-9-82.hsd1.va.comcast.net - - [15/Jan/2014:23:21:42 -0800] "GET / HTTP/1.1" 200 11306
c-98-249-9-82.hsd1.va.comcast.net - - [15/Jan/2014:23:21:42 -0800] "GET /css/base.css HTTP/1.1" 200 43129
c-98-249-9-82.hsd1.va.comcast.net - - [15/Jan/2014:23:21:42 -0800] "GET /css/themes/color_05.css HTTP/1.1" 200 3138
c-98-249-9-82.hsd1.va.comcast.net - - [15/Jan/2014:23:21:42 -0800] "GET /css/themes/type_10.css HTTP/1.1" 200 8855
c-98-249-9-82.hsd1.va.comcast.net - - [15/Jan/2014:23:21:42 -0800] "GET /js/libs/modernizr.min.js HTTP/1.1" 200 2293
c-98-249-9-82.hsd1.va.comcast.net - - [15/Jan/2014:23:21:42 -0800] "GET /js/script.js HTTP/1.1" 200 9781
c-98-249-9-82.hsd1.va.comcast.net - - [15/Jan/2014:23:21:42 -0800] "GET /js/libs/jquery.fitvids.js HTTP/1.1" 200 2915
c-98-249-9-82.hsd1.va.comcast.net - - [15/Jan/2014:23:21:42 -0800] "GET /js/libs/jquery.easing.1.3.min.js HTTP/1.1" 200 3436
c-98-249-9-82.hsd1.va.comcast.net - - [15/Jan/2014:23:21:42 -0800] "GET /images/projects/vt.png HTTP/1.1" 200 22055
c-98-249-9-82.hsd1.va.comcast.net - - [15/Jan/2014:23:21:42 -0800] "GET /js/libs/jquery-1.8.3.min.js HTTP/1.1" 200 93637
c-98-249-9-82.hsd1.va.comcast.net - - [15/Jan/2014:23:21:42 -0800] "GET /images/site_preloader.gif HTTP/1.1" 200 9304
c-98-249-9-82.hsd1.va.comcast.net - - [15/Jan/2014:23:21:42 -0800] "GET /images/masks/f0f0f0_01.png HTTP/1.1" 200 1286
c-98-249-9-82.hsd1.va.comcast.net - - [15/Jan/2014:23:21:42 -0800] "GET /images/projects/Army.png HTTP/1.1" 200 271840
c-98-249-9-82.hsd1.va.comcast.net - - [15/Jan/2014:23:21:42 -0800] "GET /images/projects/marines.png HTTP/1.1" 200 335491
::1 - - [15/Jan/2014:23:21:45 -0800] "-" 408 -
::1 - - [15/Jan/2014:23:21:45 -0800] "-" 408 -
c-98-249-9-82.hsd1.va.comcast.net - - [15/Jan/2014:23:21:43 -0800] "GET /images/my_pic_crop.png HTTP/1.1" 200 12008544
c-98-249-9-82.hsd1.va.comcast.net - - [15/Jan/2014:23:21:45 -0800] "GET /images/favicons/favicon.ico HTTP/1.1" 200 1150
c-98-249-9-82.hsd1.va.comcast.net - - [15/Jan/2014:23:39:57 -0800] "GET / HTTP/1.1" 200 11306
c-98-249-9-82.hsd1.va.comcast.net - - [15/Jan/2014:23:39:57 -0800] "GET /css/base.css HTTP/1.1" 304 -
c-98-249-9-82.hsd1.va.comcast.net - - [15/Jan/2014:23:39:57 -0800] "GET /css/themes/type_10.css HTTP/1.1" 304 -
c-98-249-9-82.hsd1.va.comcast.net - - [15/Jan/2014:23:39:57 -0800] "GET /js/libs/jquery.fitvids.js HTTP/1.1" 200 2915
c-98-249-9-82.hsd1.va.comcast.net - - [15/Jan/2014:23:39:57 -0800] "GET /css/themes/color_05.css HTTP/1.1" 304 -
c-98-249-9-82.hsd1.va.comcast.net - - [15/Jan/2014:23:39:57 -0800] "GET /js/script.js HTTP/1.1" 200 9781
c-98-249-9-82.hsd1.va.comcast.net - - [15/Jan/2014:23:39:57 -0800] "GET /js/libs/jquery.easing.1.3.min.js HTTP/1.1" 200 3436
c-98-249-9-82.hsd1.va.comcast.net - - [15/Jan/2014:23:39:57 -0800] "GET /js/libs/jquery-1.8.3.min.js HTTP/1.1" 200 93637
c-98-249-9-82.hsd1.va.comcast.net - - [15/Jan/2014:23:39:57 -0800] "GET /js/libs/modernizr.min.js HTTP/1.1" 200 2293
c-98-249-9-82.hsd1.va.comcast.net - - [15/Jan/2014:23:39:57 -0800] "GET /images/projects/vt.png HTTP/1.1" 304 -
c-98-249-9-82.hsd1.va.comcast.net - - [15/Jan/2014:23:39:57 -0800] "GET /images/projects/marines.png HTTP/1.1" 304 -
c-98-249-9-82.hsd1.va.comcast.net - - [15/Jan/2014:23:39:57 -0800] "GET /images/projects/Army.png HTTP/1.1" 304 -
c-98-249-9-82.hsd1.va.comcast.net - - [15/Jan/2014:23:39:57 -0800] "GET /images/my_pic_crop.png HTTP/1.1" 304 -
c-98-249-9-82.hsd1.va.comcast.net - - [15/Jan/2014:23:39:57 -0800] "GET /images/site_preloader.gif HTTP/1.1" 200 9304
c-98-249-9-82.hsd1.va.comcast.net - - [15/Jan/2014:23:39:57 -0800] "GET /images/masks/f0f0f0_01.png HTTP/1.1" 304 -
c-98-249-9-82.hsd1.va.comcast.net - - [15/Jan/2014:23:39:57 -0800] "GET /images/favicons/favicon.ico HTTP/1.1" 200 1150
c-98-249-9-82.hsd1.va.comcast.net - - [15/Jan/2014:23:39:57 -0800] "GET /images/favicons/favicon.ico HTTP/1.1" 200 1150
98.249.9.82 - - [15/Jan/2014:23:40:57 -0800] "-" 408 -
98.249.9.82 - - [15/Jan/2014:23:40:57 -0800] "-" 408 -
98.249.9.82 - - [15/Jan/2014:23:40:57 -0800] "-" 408 -
ws18.altess.army.mil - - [16/Jan/2014:09:34:43 -0800] "G\xe0ET / HTTP/1.1" 501 202
ws18.altess.army.mil - - [16/Jan/2014:09:34:44 -0800] "G\xd0ET /favicon.ico HTTP/1.1" 501 203
ws18.altess.army.mil - - [16/Jan/2014:09:34:47 -0800] "G\x92ET / HTTP/1.1" 501 202
ws18.altess.army.mil - - [16/Jan/2014:09:34:52 -0800] "G\x9dET / HTTP/1.1" 501 202
ws18.altess.army.mil - - [16/Jan/2014:09:34:55 -0800] "G\xe2ET / HTTP/1.1" 501 202
ws18.altess.army.mil - - [16/Jan/2014:09:34:57 -0800] "G\x80ET / HTTP/1.1" 501 202
ws18.altess.army.mil - - [16/Jan/2014:09:34:58 -0800] "G\xd9ET / HTTP/1.1" 501 202
ws18.altess.army.mil - - [16/Jan/2014:12:47:17 -0800] "G\xd0ET / HTTP/1.1" 501 202
ws18.altess.army.mil - - [16/Jan/2014:12:48:50 -0800] "G4ET /polysimplicity/ HTTP/1.1" 200 10283
ws18.altess.army.mil - - [16/Jan/2014:12:48:51 -0800] "\x93G\xbdET /polysimplicity/media/css/style.css HTTP/1.1" 501 227
ws18.altess.army.mil - - [16/Jan/2014:12:48:51 -0800] "G\x9bET /polysimplicity/media/js/camera/camera.js HTTP/1.1" 501 232
ws18.altess.army.mil - - [16/Jan/2014:12:48:51 -0800] "G\xf1ET /polysimplicity/media/js/ticketer/jquery.ticker.js HTTP/1.1" 501 241
ws18.altess.army.mil - - [16/Jan/2014:12:48:51 -0800] "G'ET /polysimplicity/media/js/jquery/jquery-validation.js HTTP/1.1" 501 243
ws18.altess.army.mil - - [16/Jan/2014:12:48:51 -0800] "G\xccET /polysimplicity/media/js/jquery/jquery-1.8.2.min.js HTTP/1.1" 501 242
ws18.altess.army.mil - - [16/Jan/2014:12:48:51 -0800] "G1ET /polysimplicity/media/js/jqueryui/jquery-ui-1.9.1.custom.min.js HTTP/1.1" 501 254
ws18.altess.army.mil - - [16/Jan/2014:12:48:51 -0800] "G\xd2ET /polysimplicity/media/css/controllers/web/Home/index.css HTTP/1.1" 501 247
ws18.altess.army.mil - - [16/Jan/2014:12:48:55 -0800] "G\x0eET /polysimplicity/media/js/controllers/web/Home/index.js HTTP/1.1" 501 245
ws18.altess.army.mil - - [16/Jan/2014:12:48:55 -0800] "GaET /polysimplicity/media/js/jquery/jquery-validation.js HTTP/1.1" 501 243
ws18.altess.army.mil - - [16/Jan/2014:12:48:55 -0800] "G\x10ET /polysimplicity/media/images/konami-logo.gif HTTP/1.1" 501 235
ws18.altess.army.mil - - [16/Jan/2014:12:48:56 -0800] "G\x1eET /polysimplicity/media/js/jqueryui/jquery-ui-1.9.1.custom.min.js HTTP/1.1" 501 254
ws18.altess.army.mil - - [16/Jan/2014:12:48:56 -0800] "G+ET /polysimplicity/media/js/ticketer/jquery.ticker.js HTTP/1.1" 501 241
ws18.altess.army.mil - - [16/Jan/2014:12:48:57 -0800] "G\xebET /polysimplicity/media/js/camera/camera.js HTTP/1.1" 501 232
ws18.altess.army.mil - - [16/Jan/2014:12:48:58 -0800] "G\xceET /polysimplicity/media/js/controllers/web/Home/index.js HTTP/1.1" 501 245
ws18.altess.army.mil - - [16/Jan/2014:12:48:59 -0800] "G\xebET /polysimplicity/media/images/konami-logo.gif HTTP/1.1" 501 235
ws18.altess.army.mil - - [16/Jan/2014:12:49:21 -0800] "G7ET /images HTTP/1.1" 301 239
ws18.altess.army.mil - - [16/Jan/2014:12:49:21 -0800] "KG\xc4ET /images/ HTTP/1.1" 501 200
ws18.altess.army.mil - - [16/Jan/2014:12:49:26 -0800] "G\xe7ET / HTTP/1.1" 501 202
ws18.altess.army.mil - - [16/Jan/2014:12:49:35 -0800] "G\xbaET /index.html HTTP/1.1" 501 202
c-98-249-9-82.hsd1.va.comcast.net - - [16/Jan/2014:18:45:11 -0800] "GET / HTTP/1.1" 200 11306
c-98-249-9-82.hsd1.va.comcast.net - - [16/Jan/2014:18:45:11 -0800] "GET /css/base.css HTTP/1.1" 200 43129
c-98-249-9-82.hsd1.va.comcast.net - - [16/Jan/2014:18:45:11 -0800] "GET /css/themes/type_10.css HTTP/1.1" 200 8855
c-98-249-9-82.hsd1.va.comcast.net - - [16/Jan/2014:18:45:11 -0800] "GET /css/themes/color_05.css HTTP/1.1" 200 3138
c-98-249-9-82.hsd1.va.comcast.net - - [16/Jan/2014:18:45:11 -0800] "GET /js/script.js HTTP/1.1" 200 9781
c-98-249-9-82.hsd1.va.comcast.net - - [16/Jan/2014:18:45:11 -0800] "GET /js/libs/jquery.fitvids.js HTTP/1.1" 200 2915
c-98-249-9-82.hsd1.va.comcast.net - - [16/Jan/2014:18:45:11 -0800] "GET /js/libs/modernizr.min.js HTTP/1.1" 200 2293
c-98-249-9-82.hsd1.va.comcast.net - - [16/Jan/2014:18:45:11 -0800] "GET /js/libs/jquery.easing.1.3.min.js HTTP/1.1" 200 3436
c-98-249-9-82.hsd1.va.comcast.net - - [16/Jan/2014:18:45:11 -0800] "GET /images/projects/vt.png HTTP/1.1" 200 22055
c-98-249-9-82.hsd1.va.comcast.net - - [16/Jan/2014:18:45:11 -0800] "GET /js/libs/jquery-1.8.3.min.js HTTP/1.1" 200 93637
c-98-249-9-82.hsd1.va.comcast.net - - [16/Jan/2014:18:45:11 -0800] "GET /images/projects/marines.png HTTP/1.1" 200 335491
c-98-249-9-82.hsd1.va.comcast.net - - [16/Jan/2014:18:45:12 -0800] "GET /images/site_preloader.gif HTTP/1.1" 200 9304
c-98-249-9-82.hsd1.va.comcast.net - - [16/Jan/2014:18:45:12 -0800] "GET /images/masks/f0f0f0_01.png HTTP/1.1" 200 1286
c-98-249-9-82.hsd1.va.comcast.net - - [16/Jan/2014:18:45:11 -0800] "GET /images/projects/Army.png HTTP/1.1" 200 271840
c-98-249-9-82.hsd1.va.comcast.net - - [16/Jan/2014:18:45:11 -0800] "GET /images/my_pic_crop.png HTTP/1.1" 200 12008544
98.249.9.82 - - [16/Jan/2014:18:46:11 -0800] "-" 408 -
c-98-249-9-82.hsd1.va.comcast.net - - [16/Jan/2014:19:06:20 -0800] "GET / HTTP/1.1" 200 11306
c-98-249-9-82.hsd1.va.comcast.net - - [16/Jan/2014:19:06:20 -0800] "GET /css/base.css HTTP/1.1" 200 43129
c-98-249-9-82.hsd1.va.comcast.net - - [16/Jan/2014:19:06:20 -0800] "GET /css/themes/type_10.css HTTP/1.1" 200 8855
c-98-249-9-82.hsd1.va.comcast.net - - [16/Jan/2014:19:06:20 -0800] "GET /css/themes/color_05.css HTTP/1.1" 200 3138
c-98-249-9-82.hsd1.va.comcast.net - - [16/Jan/2014:19:06:20 -0800] "GET /js/libs/modernizr.min.js HTTP/1.1" 200 2293
c-98-249-9-82.hsd1.va.comcast.net - - [16/Jan/2014:19:06:20 -0800] "GET /js/libs/jquery-1.8.3.min.js HTTP/1.1" 200 93637
c-98-249-9-82.hsd1.va.comcast.net - - [16/Jan/2014:19:06:20 -0800] "GET /js/libs/jquery.fitvids.js HTTP/1.1" 200 2915
c-98-249-9-82.hsd1.va.comcast.net - - [16/Jan/2014:19:06:21 -0800] "GET /js/script.js HTTP/1.1" 200 9781
c-98-249-9-82.hsd1.va.comcast.net - - [16/Jan/2014:19:06:21 -0800] "GET /js/libs/jquery.easing.1.3.min.js HTTP/1.1" 200 3436
c-98-249-9-82.hsd1.va.comcast.net - - [16/Jan/2014:19:06:21 -0800] "GET /images/projects/vt.png HTTP/1.1" 200 22055
c-98-249-9-82.hsd1.va.comcast.net - - [16/Jan/2014:19:06:21 -0800] "GET /images/projects/Army.png HTTP/1.1" 200 271840
c-98-249-9-82.hsd1.va.comcast.net - - [16/Jan/2014:19:06:21 -0800] "GET /images/masks/f0f0f0_01.png HTTP/1.1" 200 1286
c-98-249-9-82.hsd1.va.comcast.net - - [16/Jan/2014:19:06:21 -0800] "GET /images/site_preloader.gif HTTP/1.1" 200 9304
c-98-249-9-82.hsd1.va.comcast.net - - [16/Jan/2014:19:06:21 -0800] "GET /images/projects/marines.png HTTP/1.1" 200 335491
c-98-249-9-82.hsd1.va.comcast.net - - [16/Jan/2014:19:06:21 -0800] "GET /images/my_pic_crop.png HTTP/1.1" 200 12008544
c-98-249-9-82.hsd1.va.comcast.net - - [16/Jan/2014:19:06:28 -0800] "GET /images/favicons/favicon.ico HTTP/1.1" 200 1150
98.249.9.82 - - [16/Jan/2014:19:07:21 -0800] "-" 408 -
unassigned.cell - - [16/Jan/2014:19:20:28 -0800] "GET / HTTP/1.1" 200 11306
unassigned.cell - - [16/Jan/2014:19:20:28 -0800] "GET /css/base.css HTTP/1.1" 200 43129
unassigned.cell - - [16/Jan/2014:19:20:29 -0800] "GET /js/libs/jquery.fitvids.js HTTP/1.1" 200 2915
unassigned.cell - - [16/Jan/2014:19:20:29 -0800] "GET /js/script.js HTTP/1.1" 200 9781
unassigned.cell - - [16/Jan/2014:19:20:29 -0800] "GET /images/projects/vt.png HTTP/1.1" 200 22055
unassigned.cell - - [16/Jan/2014:19:20:29 -0800] "GET /images/projects/marines.png HTTP/1.1" 200 335491
unassigned.cell - - [16/Jan/2014:19:20:51 -0800] "GET / HTTP/1.1" 200 11306
unassigned.cell - - [16/Jan/2014:19:20:31 -0800] "GET /images/my_pic_crop.png HTTP/1.1" 200 12008544
unassigned.cell - - [16/Jan/2014:19:20:51 -0800] "GET /css/base.css HTTP/1.1" 200 43129
unassigned.cell - - [16/Jan/2014:19:20:51 -0800] "GET /css/themes/type_10.css HTTP/1.1" 200 8855
unassigned.cell - - [16/Jan/2014:19:20:51 -0800] "GET /css/themes/color_05.css HTTP/1.1" 200 3138
unassigned.cell - - [16/Jan/2014:19:20:51 -0800] "GET /js/libs/jquery.easing.1.3.min.js HTTP/1.1" 200 3436
unassigned.cell - - [16/Jan/2014:19:20:51 -0800] "GET /js/libs/jquery-1.8.3.min.js HTTP/1.1" 200 93637
unassigned.cell - - [16/Jan/2014:19:20:51 -0800] "GET /images/projects/Army.png HTTP/1.1" 200 271840
unassigned.cell - - [16/Jan/2014:19:20:52 -0800] "GET /js/libs/modernizr.min.js HTTP/1.1" 200 2293
unassigned.cell - - [16/Jan/2014:19:20:52 -0800] "GET /images/site_preloader.gif HTTP/1.1" 200 9304
unassigned.cell - - [16/Jan/2014:19:20:52 -0800] "GET /images/masks/f0f0f0_01.png HTTP/1.1" 200 1286
unassigned.cell - - [16/Jan/2014:19:20:51 -0800] "GET /images/my_pic_crop.png HTTP/1.1" 200 12008544
c-98-249-9-82.hsd1.va.comcast.net - - [16/Jan/2014:19:21:50 -0800] "GET / HTTP/1.1" 200 11306
c-98-249-9-82.hsd1.va.comcast.net - - [16/Jan/2014:19:21:50 -0800] "GET /css/base.css HTTP/1.1" 200 43129
c-98-249-9-82.hsd1.va.comcast.net - - [16/Jan/2014:19:21:50 -0800] "GET /css/themes/type_10.css HTTP/1.1" 200 8855
c-98-249-9-82.hsd1.va.comcast.net - - [16/Jan/2014:19:21:50 -0800] "GET /css/themes/color_05.css HTTP/1.1" 200 3138
c-98-249-9-82.hsd1.va.comcast.net - - [16/Jan/2014:19:21:50 -0800] "GET /js/libs/modernizr.min.js HTTP/1.1" 200 2293
c-98-249-9-82.hsd1.va.comcast.net - - [16/Jan/2014:19:21:50 -0800] "GET /js/libs/jquery-1.8.3.min.js HTTP/1.1" 200 93637
c-98-249-9-82.hsd1.va.comcast.net - - [16/Jan/2014:19:21:50 -0800] "GET /js/libs/jquery.easing.1.3.min.js HTTP/1.1" 200 3436
c-98-249-9-82.hsd1.va.comcast.net - - [16/Jan/2014:19:21:50 -0800] "GET /js/libs/jquery.fitvids.js HTTP/1.1" 200 2915
c-98-249-9-82.hsd1.va.comcast.net - - [16/Jan/2014:19:21:50 -0800] "GET /js/script.js HTTP/1.1" 200 9781
c-98-249-9-82.hsd1.va.comcast.net - - [16/Jan/2014:19:21:50 -0800] "GET /images/projects/vt.png HTTP/1.1" 200 22055
c-98-249-9-82.hsd1.va.comcast.net - - [16/Jan/2014:19:21:50 -0800] "GET /images/site_preloader.gif HTTP/1.1" 200 9304
c-98-249-9-82.hsd1.va.comcast.net - - [16/Jan/2014:19:21:50 -0800] "GET /images/masks/f0f0f0_01.png HTTP/1.1" 200 1286
c-98-249-9-82.hsd1.va.comcast.net - - [16/Jan/2014:19:21:50 -0800] "GET /images/projects/marines.png HTTP/1.1" 200 335491
c-98-249-9-82.hsd1.va.comcast.net - - [16/Jan/2014:19:21:50 -0800] "GET /images/projects/Army.png HTTP/1.1" 200 271840
c-98-249-9-82.hsd1.va.comcast.net - - [16/Jan/2014:19:21:50 -0800] "GET /images/my_pic_crop.png HTTP/1.1" 200 12008544
c-98-249-9-82.hsd1.va.comcast.net - - [16/Jan/2014:19:21:52 -0800] "GET /images/favicons/favicon.ico HTTP/1.1" 200 1150
98.249.9.82 - - [16/Jan/2014:19:22:53 -0800] "-" 408 -
c-98-249-9-82.hsd1.va.comcast.net - - [16/Jan/2014:21:45:23 -0800] "GET / HTTP/1.1" 200 11416
c-98-249-9-82.hsd1.va.comcast.net - - [16/Jan/2014:21:45:23 -0800] "GET /css/base.css HTTP/1.1" 200 43556
c-98-249-9-82.hsd1.va.comcast.net - - [16/Jan/2014:21:45:23 -0800] "GET /css/themes/type_10.css HTTP/1.1" 200 8855
c-98-249-9-82.hsd1.va.comcast.net - - [16/Jan/2014:21:45:23 -0800] "GET /js/script.js HTTP/1.1" 200 9781
c-98-249-9-82.hsd1.va.comcast.net - - [16/Jan/2014:21:45:23 -0800] "GET /images/projects/VT_2.png HTTP/1.1" 200 40618
c-98-249-9-82.hsd1.va.comcast.net - - [16/Jan/2014:21:45:23 -0800] "GET /js/libs/jquery.easing.1.3.min.js HTTP/1.1" 200 3436
c-98-249-9-82.hsd1.va.comcast.net - - [16/Jan/2014:21:45:23 -0800] "GET /js/libs/jquery.fitvids.js HTTP/1.1" 200 2915
c-98-249-9-82.hsd1.va.comcast.net - - [16/Jan/2014:21:45:23 -0800] "GET /images/projects/vt.png HTTP/1.1" 200 22055
c-98-249-9-82.hsd1.va.comcast.net - - [16/Jan/2014:21:45:23 -0800] "GET /css/themes/color_05.css HTTP/1.1" 200 3138
c-98-249-9-82.hsd1.va.comcast.net - - [16/Jan/2014:21:45:23 -0800] "GET /js/libs/modernizr.min.js HTTP/1.1" 200 2293
c-98-249-9-82.hsd1.va.comcast.net - - [16/Jan/2014:21:45:23 -0800] "GET /js/libs/jquery-1.8.3.min.js HTTP/1.1" 200 93637
c-98-249-9-82.hsd1.va.comcast.net - - [16/Jan/2014:21:45:23 -0800] "GET /images/site_preloader.gif HTTP/1.1" 200 9304
c-98-249-9-82.hsd1.va.comcast.net - - [16/Jan/2014:21:45:23 -0800] "GET /images/masks/f0f0f0_01.png HTTP/1.1" 200 1286
c-98-249-9-82.hsd1.va.comcast.net - - [16/Jan/2014:21:45:23 -0800] "GET /images/projects/Army.png HTTP/1.1" 200 271840
c-98-249-9-82.hsd1.va.comcast.net - - [16/Jan/2014:21:45:23 -0800] "GET /images/projects/marines.png HTTP/1.1" 200 335491
c-98-249-9-82.hsd1.va.comcast.net - - [16/Jan/2014:21:45:23 -0800] "GET /images/my_pic_crop.png HTTP/1.1" 200 12008544
98.249.9.82 - - [16/Jan/2014:21:46:26 -0800] "-" 408 -
c-98-249-9-82.hsd1.va.comcast.net - - [17/Jan/2014:00:50:48 -0800] "GET / HTTP/1.1" 200 11792
c-98-249-9-82.hsd1.va.comcast.net - - [17/Jan/2014:00:50:48 -0800] "GET /css/base.css HTTP/1.1" 200 43723
c-98-249-9-82.hsd1.va.comcast.net - - [17/Jan/2014:00:50:48 -0800] "GET /css/themes/type_10.css HTTP/1.1" 200 8855
c-98-249-9-82.hsd1.va.comcast.net - - [17/Jan/2014:00:50:48 -0800] "GET /js/script.js HTTP/1.1" 200 9781
c-98-249-9-82.hsd1.va.comcast.net - - [17/Jan/2014:00:50:48 -0800] "GET /images/projects/VT_2.png HTTP/1.1" 200 40618
c-98-249-9-82.hsd1.va.comcast.net - - [17/Jan/2014:00:50:48 -0800] "GET /js/libs/jquery.easing.1.3.min.js HTTP/1.1" 200 3436
c-98-249-9-82.hsd1.va.comcast.net - - [17/Jan/2014:00:50:48 -0800] "GET /js/libs/jquery.fitvids.js HTTP/1.1" 200 2915
c-98-249-9-82.hsd1.va.comcast.net - - [17/Jan/2014:00:50:48 -0800] "GET /images/projects/vt.png HTTP/1.1" 200 22055
c-98-249-9-82.hsd1.va.comcast.net - - [17/Jan/2014:00:50:48 -0800] "GET /css/themes/color_05.css HTTP/1.1" 200 3138
c-98-249-9-82.hsd1.va.comcast.net - - [17/Jan/2014:00:50:48 -0800] "GET /js/libs/modernizr.min.js HTTP/1.1" 200 2293
c-98-249-9-82.hsd1.va.comcast.net - - [17/Jan/2014:00:50:48 -0800] "GET /images/projects/Army.png HTTP/1.1" 200 271840
c-98-249-9-82.hsd1.va.comcast.net - - [17/Jan/2014:00:50:48 -0800] "GET /images/projects/marines.png HTTP/1.1" 200 335491
c-98-249-9-82.hsd1.va.comcast.net - - [17/Jan/2014:00:50:48 -0800] "GET /js/libs/jquery-1.8.3.min.js HTTP/1.1" 200 93637
c-98-249-9-82.hsd1.va.comcast.net - - [17/Jan/2014:00:50:48 -0800] "GET /images/site_preloader.gif HTTP/1.1" 200 9304
c-98-249-9-82.hsd1.va.comcast.net - - [17/Jan/2014:00:50:48 -0800] "GET /images/masks/f0f0f0_01.png HTTP/1.1" 200 1286
c-98-249-9-82.hsd1.va.comcast.net - - [17/Jan/2014:00:50:48 -0800] "GET /images/my_pic_crop.png HTTP/1.1" 200 12008544
c-98-249-9-82.hsd1.va.comcast.net - - [17/Jan/2014:00:50:59 -0800] "GET /resume.pdf HTTP/1.1" 200 104097
c-98-249-9-82.hsd1.va.comcast.net - - [17/Jan/2014:00:50:59 -0800] "GET /resume.pdf HTTP/1.1" 206 32768
c-98-249-9-82.hsd1.va.comcast.net - - [17/Jan/2014:00:50:59 -0800] "GET /favicon.ico HTTP/1.1" 404 209
c-98-249-9-82.hsd1.va.comcast.net - - [17/Jan/2014:00:50:59 -0800] "GET /resume.pdf HTTP/1.1" 206 71329
c-98-249-9-82.hsd1.va.comcast.net - - [17/Jan/2014:00:50:59 -0800] "GET /favicon.ico HTTP/1.1" 404 209
c-98-249-9-82.hsd1.va.comcast.net - - [17/Jan/2014:00:51:01 -0800] "GET / HTTP/1.1" 200 11792
c-98-249-9-82.hsd1.va.comcast.net - - [17/Jan/2014:00:51:01 -0800] "GET /js/libs/modernizr.min.js HTTP/1.1" 200 2293
c-98-249-9-82.hsd1.va.comcast.net - - [17/Jan/2014:00:51:01 -0800] "GET /js/libs/jquery-1.8.3.min.js HTTP/1.1" 200 93637
c-98-249-9-82.hsd1.va.comcast.net - - [17/Jan/2014:00:51:01 -0800] "GET /js/libs/jquery.fitvids.js HTTP/1.1" 200 2915
c-98-249-9-82.hsd1.va.comcast.net - - [17/Jan/2014:00:51:01 -0800] "GET /js/libs/jquery.easing.1.3.min.js HTTP/1.1" 200 3436
c-98-249-9-82.hsd1.va.comcast.net - - [17/Jan/2014:00:51:01 -0800] "GET /js/script.js HTTP/1.1" 200 9781
c-98-249-9-82.hsd1.va.comcast.net - - [17/Jan/2014:00:51:01 -0800] "GET /images/site_preloader.gif HTTP/1.1" 200 9304
199.123.76.18 - - [17/Jan/2014:15:11:56 -0800] "G" 400 226
ws18.altess.army.mil - - [17/Jan/2014:15:11:56 -0800] "G\xbfET /favicon.ico HTTP/1.1" 501 203
ws18.altess.army.mil - - [17/Jan/2014:15:12:01 -0800] "G\xacET / HTTP/1.1" 501 202
ws18.altess.army.mil - - [17/Jan/2014:15:12:05 -0800] "GVET / HTTP/1.1" 501 202
ws18.altess.army.mil - - [17/Jan/2014:15:12:09 -0800] "G>ET / HTTP/1.1" 501 205
199.123.76.18 - - [17/Jan/2014:15:12:11 -0800] "G\x0cET / HTTP/1.1" 400 226
ws18.altess.army.mil - - [17/Jan/2014:15:12:17 -0800] "GhET / HTTP/1.1" 501 202
ws18.altess.army.mil - - [17/Jan/2014:15:12:25 -0800] "G\xb6ET / HTTP/1.1" 501 202
ws18.altess.army.mil - - [17/Jan/2014:15:14:27 -0800] "G(ET / HTTP/1.1" 501 202
ws18.altess.army.mil - - [17/Jan/2014:15:17:01 -0800] "G\xd0ET /favicon.ico HTTP/1.1" 501 203
ws18.altess.army.mil - - [17/Jan/2014:15:28:50 -0800] "GlET / HTTP/1.1" 501 202
ws18.altess.army.mil - - [17/Jan/2014:15:28:53 -0800] "G+ET / HTTP/1.1" 501 202
ws18.altess.army.mil - - [17/Jan/2014:15:28:55 -0800] "GEET / HTTP/1.1" 501 202
ws18.altess.army.mil - - [17/Jan/2014:15:29:06 -0800] "G\xe5ET / HTTP/1.1" 501 202
ws18.altess.army.mil - - [17/Jan/2014:15:29:13 -0800] "G\xc7ET / HTTP/1.1" 501 202
ws18.altess.army.mil - - [17/Jan/2014:15:33:54 -0800] "G\x9cET / HTTP/1.1" 501 202
ws18.altess.army.mil - - [17/Jan/2014:15:33:55 -0800] "GrET /favicon.ico HTTP/1.1" 501 203
ws18.altess.army.mil - - [17/Jan/2014:15:34:00 -0800] "G\xc8ET / HTTP/1.1" 501 202
ws18.altess.army.mil - - [17/Jan/2014:15:34:06 -0800] "G\x11ET / HTTP/1.1" 501 202
ws18.altess.army.mil - - [17/Jan/2014:15:34:11 -0800] "G\x8aET / HTTP/1.1" 501 202
ws18.altess.army.mil - - [17/Jan/2014:15:34:15 -0800] "GAET / HTTP/1.1" 501 202
ws18.altess.army.mil - - [17/Jan/2014:15:34:34 -0800] "G\x98ET / HTTP/1.1" 501 202
206.37.238.83 - - [17/Jan/2014:15:38:23 -0800] "GET / HTTP/1.1" 200 11792
206.37.238.83 - - [17/Jan/2014:15:38:56 -0800] "GET / HTTP/1.1" 200 11792
ws18.altess.army.mil - - [17/Jan/2014:15:39:32 -0800] "G\x85ET / HTTP/1.1" 501 202
86-105-36-246.datanet.ro - - [17/Jan/2014:20:21:25 -0800] "GET /admin/common/ie.css HTTP/1.1" 404 217
::1 - - [17/Jan/2014:20:52:36 -0800] "GET /polysimplicity HTTP/1.1" 301 241
::1 - - [17/Jan/2014:20:52:36 -0800] "GET /polysimplicity/ HTTP/1.1" 200 10283
::1 - - [17/Jan/2014:20:52:37 -0800] "GET /polysimplicity/media/css/style.css HTTP/1.1" 200 1691
::1 - - [17/Jan/2014:20:52:37 -0800] "GET /polysimplicity/media/css/controllers/web/Home/index.css HTTP/1.1" 200 1880
::1 - - [17/Jan/2014:20:52:37 -0800] "GET /polysimplicity/media/js/jquery/jquery-validation.js HTTP/1.1" 200 42117
::1 - - [17/Jan/2014:20:52:37 -0800] "GET /polysimplicity/media/js/jquery/jquery-1.8.2.min.js HTTP/1.1" 200 93435
::1 - - [17/Jan/2014:20:52:37 -0800] "GET /polysimplicity/media/js/ticketer/jquery.ticker.js HTTP/1.1" 200 16395
::1 - - [17/Jan/2014:20:52:37 -0800] "GET /polysimplicity/media/js/camera/camera.js HTTP/1.1" 200 70714
::1 - - [17/Jan/2014:20:52:37 -0800] "GET /polysimplicity/media/js/jqueryui/jquery-ui-1.9.1.custom.min.js HTTP/1.1" 200 237181
::1 - - [17/Jan/2014:20:52:37 -0800] "GET /polysimplicity/media/js/controllers/web/Home/index.js HTTP/1.1" 200 58666
::1 - - [17/Jan/2014:20:52:37 -0800] "GET /polysimplicity/media/images/konami-logo.gif HTTP/1.1" 200 2568710
::1 - - [17/Jan/2014:20:52:37 -0800] "GET /favicon.ico HTTP/1.1" 404 209
