[15/Jan/2014:23:10:45 -0800] ::1 TLSv1.2 ECDHE-RSA-AES128-GCM-SHA256 "GET / HTTP/1.1" 11306
[15/Jan/2014:23:10:45 -0800] ::1 TLSv1.2 ECDHE-RSA-AES128-GCM-SHA256 "GET /css/base.css HTTP/1.1" 43129
[15/Jan/2014:23:10:45 -0800] ::1 TLSv1.2 ECDHE-RSA-AES128-GCM-SHA256 "GET /css/themes/type_10.css HTTP/1.1" 8855
[15/Jan/2014:23:10:45 -0800] ::1 TLSv1.2 ECDHE-RSA-AES128-GCM-SHA256 "GET /css/themes/color_05.css HTTP/1.1" 3138
[15/Jan/2014:23:10:45 -0800] ::1 TLSv1.2 ECDHE-RSA-AES128-GCM-SHA256 "GET /js/libs/modernizr.min.js HTTP/1.1" 2293
[15/Jan/2014:23:10:45 -0800] ::1 TLSv1.2 ECDHE-RSA-AES128-GCM-SHA256 "GET /js/libs/jquery-1.8.3.min.js HTTP/1.1" 93637
[15/Jan/2014:23:10:45 -0800] ::1 TLSv1.2 ECDHE-RSA-AES128-GCM-SHA256 "GET /js/libs/jquery.easing.1.3.min.js HTTP/1.1" 3436
[15/Jan/2014:23:10:45 -0800] ::1 TLSv1.2 ECDHE-RSA-AES128-GCM-SHA256 "GET /js/libs/jquery.fitvids.js HTTP/1.1" 2915
[15/Jan/2014:23:10:45 -0800] ::1 TLSv1.2 ECDHE-RSA-AES128-GCM-SHA256 "GET /js/script.js HTTP/1.1" 9781
[15/Jan/2014:23:10:45 -0800] ::1 TLSv1.2 ECDHE-RSA-AES128-GCM-SHA256 "GET /images/projects/vt.png HTTP/1.1" 22055
[15/Jan/2014:23:10:45 -0800] ::1 TLSv1.2 ECDHE-RSA-AES128-GCM-SHA256 "GET /images/projects/Army.png HTTP/1.1" 271840
[15/Jan/2014:23:10:45 -0800] ::1 TLSv1.2 ECDHE-RSA-AES128-GCM-SHA256 "GET /images/projects/marines.png HTTP/1.1" 335491
[15/Jan/2014:23:10:46 -0800] ::1 TLSv1.2 ECDHE-RSA-AES128-GCM-SHA256 "GET /images/site_preloader.gif HTTP/1.1" 9304
[15/Jan/2014:23:10:46 -0800] ::1 TLSv1.2 ECDHE-RSA-AES128-GCM-SHA256 "GET /images/masks/f0f0f0_01.png HTTP/1.1" 1286
[15/Jan/2014:23:10:45 -0800] ::1 TLSv1.2 ECDHE-RSA-AES128-GCM-SHA256 "GET /images/my_pic_crop.png HTTP/1.1" 12008544
[15/Jan/2014:23:10:46 -0800] ::1 TLSv1.2 ECDHE-RSA-AES128-GCM-SHA256 "GET /images/favicons/favicon.ico HTTP/1.1" 1150
[15/Jan/2014:23:14:17 -0800] ::1 TLSv1.2 ECDHE-RSA-AES128-GCM-SHA256 "GET / HTTP/1.1" 11306
[15/Jan/2014:23:14:17 -0800] ::1 TLSv1.2 ECDHE-RSA-AES128-GCM-SHA256 "GET /css/base.css HTTP/1.1" -
[15/Jan/2014:23:14:17 -0800] ::1 TLSv1.2 ECDHE-RSA-AES128-GCM-SHA256 "GET /css/themes/type_10.css HTTP/1.1" -
[15/Jan/2014:23:14:17 -0800] ::1 TLSv1.2 ECDHE-RSA-AES128-GCM-SHA256 "GET /css/themes/color_05.css HTTP/1.1" -
[15/Jan/2014:23:14:17 -0800] ::1 TLSv1.2 ECDHE-RSA-AES128-GCM-SHA256 "GET /js/script.js HTTP/1.1" 9781
[15/Jan/2014:23:14:17 -0800] ::1 TLSv1.2 ECDHE-RSA-AES128-GCM-SHA256 "GET /js/libs/jquery.easing.1.3.min.js HTTP/1.1" 3436
[15/Jan/2014:23:14:17 -0800] ::1 TLSv1.2 ECDHE-RSA-AES128-GCM-SHA256 "GET /js/libs/jquery.fitvids.js HTTP/1.1" 2915
[15/Jan/2014:23:14:17 -0800] ::1 TLSv1.2 ECDHE-RSA-AES128-GCM-SHA256 "GET /js/libs/modernizr.min.js HTTP/1.1" 2293
[15/Jan/2014:23:14:17 -0800] ::1 TLSv1.2 ECDHE-RSA-AES128-GCM-SHA256 "GET /js/libs/jquery-1.8.3.min.js HTTP/1.1" 93637
[15/Jan/2014:23:14:17 -0800] ::1 TLSv1.2 ECDHE-RSA-AES128-GCM-SHA256 "GET /images/projects/vt.png HTTP/1.1" -
[15/Jan/2014:23:14:17 -0800] ::1 TLSv1.2 ECDHE-RSA-AES128-GCM-SHA256 "GET /images/projects/marines.png HTTP/1.1" -
[15/Jan/2014:23:14:17 -0800] ::1 TLSv1.2 ECDHE-RSA-AES128-GCM-SHA256 "GET /images/projects/Army.png HTTP/1.1" -
[15/Jan/2014:23:14:17 -0800] ::1 TLSv1.2 ECDHE-RSA-AES128-GCM-SHA256 "GET /images/my_pic_crop.png HTTP/1.1" -
[15/Jan/2014:23:14:17 -0800] ::1 TLSv1.2 ECDHE-RSA-AES128-GCM-SHA256 "GET /images/site_preloader.gif HTTP/1.1" 9304
[15/Jan/2014:23:14:17 -0800] ::1 TLSv1.2 ECDHE-RSA-AES128-GCM-SHA256 "GET /images/favicons/favicon.ico HTTP/1.1" 1150
[15/Jan/2014:23:14:17 -0800] ::1 TLSv1.2 ECDHE-RSA-AES128-GCM-SHA256 "GET /images/favicons/favicon.ico HTTP/1.1" 1150
[15/Jan/2014:23:15:17 -0800] ::1 TLSv1.2 ECDHE-RSA-AES128-GCM-SHA256 "-" -
[15/Jan/2014:23:15:17 -0800] ::1 TLSv1.2 ECDHE-RSA-AES128-GCM-SHA256 "-" -
[15/Jan/2014:23:16:20 -0800] ::1 TLSv1.2 ECDHE-RSA-AES128-GCM-SHA256 "GET / HTTP/1.1" 10283
[15/Jan/2014:23:16:20 -0800] ::1 TLSv1.2 ECDHE-RSA-AES128-GCM-SHA256 "GET /polysimplicity/media/css/style.css HTTP/1.1" 526
[15/Jan/2014:23:16:20 -0800] ::1 TLSv1.2 ECDHE-RSA-AES128-GCM-SHA256 "GET /polysimplicity/media/css/controllers/web/Home/index.css HTTP/1.1" 526
[15/Jan/2014:23:16:20 -0800] ::1 TLSv1.2 ECDHE-RSA-AES128-GCM-SHA256 "GET /polysimplicity/media/js/jquery/jquery-1.8.2.min.js HTTP/1.1" 526
[15/Jan/2014:23:16:20 -0800] ::1 TLSv1.2 ECDHE-RSA-AES128-GCM-SHA256 "GET /polysimplicity/media/js/jquery/jquery-validation.js HTTP/1.1" 526
[15/Jan/2014:23:16:20 -0800] ::1 TLSv1.2 ECDHE-RSA-AES128-GCM-SHA256 "GET /polysimplicity/media/js/jqueryui/jquery-ui-1.9.1.custom.min.js HTTP/1.1" 526
[15/Jan/2014:23:16:20 -0800] ::1 TLSv1.2 ECDHE-RSA-AES128-GCM-SHA256 "GET /polysimplicity/media/js/ticketer/jquery.ticker.js HTTP/1.1" 526
[15/Jan/2014:23:16:20 -0800] ::1 TLSv1.2 ECDHE-RSA-AES128-GCM-SHA256 "GET /polysimplicity/media/js/camera/camera.js HTTP/1.1" 526
[15/Jan/2014:23:16:20 -0800] ::1 TLSv1.2 ECDHE-RSA-AES128-GCM-SHA256 "GET /polysimplicity/media/js/controllers/web/Home/index.js HTTP/1.1" 526
[15/Jan/2014:23:16:20 -0800] ::1 TLSv1.2 ECDHE-RSA-AES128-GCM-SHA256 "GET /polysimplicity/media/images/konami-logo.gif HTTP/1.1" 526
[15/Jan/2014:23:16:20 -0800] ::1 TLSv1.2 ECDHE-RSA-AES128-GCM-SHA256 "GET /polysimplicity/media/images/konami-logo.gif HTTP/1.1" 526
[15/Jan/2014:23:16:21 -0800] ::1 TLSv1.2 ECDHE-RSA-AES128-GCM-SHA256 "GET /favicon.ico HTTP/1.1" 526
[15/Jan/2014:23:16:27 -0800] ::1 TLSv1.2 ECDHE-RSA-AES128-GCM-SHA256 "GET / HTTP/1.1" 10283
[15/Jan/2014:23:16:27 -0800] ::1 TLSv1.2 ECDHE-RSA-AES128-GCM-SHA256 "GET /polysimplicity/media/css/style.css HTTP/1.1" 526
[15/Jan/2014:23:16:27 -0800] ::1 TLSv1.2 ECDHE-RSA-AES128-GCM-SHA256 "GET /polysimplicity/media/js/camera/camera.js HTTP/1.1" 526
[15/Jan/2014:23:16:27 -0800] ::1 TLSv1.2 ECDHE-RSA-AES128-GCM-SHA256 "GET /polysimplicity/media/js/ticketer/jquery.ticker.js HTTP/1.1" 526
[15/Jan/2014:23:16:27 -0800] ::1 TLSv1.2 ECDHE-RSA-AES128-GCM-SHA256 "GET /polysimplicity/media/css/controllers/web/Home/index.css HTTP/1.1" 526
[15/Jan/2014:23:16:27 -0800] ::1 TLSv1.2 ECDHE-RSA-AES128-GCM-SHA256 "GET /polysimplicity/media/js/controllers/web/Home/index.js HTTP/1.1" 526
[15/Jan/2014:23:16:27 -0800] ::1 TLSv1.2 ECDHE-RSA-AES128-GCM-SHA256 "GET /polysimplicity/media/js/jquery/jquery-validation.js HTTP/1.1" 526
[15/Jan/2014:23:16:27 -0800] ::1 TLSv1.2 ECDHE-RSA-AES128-GCM-SHA256 "GET /polysimplicity/media/js/jquery/jquery-1.8.2.min.js HTTP/1.1" 526
[15/Jan/2014:23:16:27 -0800] ::1 TLSv1.2 ECDHE-RSA-AES128-GCM-SHA256 "GET /polysimplicity/media/js/jqueryui/jquery-ui-1.9.1.custom.min.js HTTP/1.1" 526
[15/Jan/2014:23:16:27 -0800] ::1 TLSv1.2 ECDHE-RSA-AES128-GCM-SHA256 "GET /polysimplicity/media/images/konami-logo.gif HTTP/1.1" 526
[15/Jan/2014:23:16:27 -0800] ::1 TLSv1.2 ECDHE-RSA-AES128-GCM-SHA256 "GET /polysimplicity/media/images/konami-logo.gif HTTP/1.1" 526
[15/Jan/2014:23:16:27 -0800] ::1 TLSv1.2 ECDHE-RSA-AES128-GCM-SHA256 "GET /favicon.ico HTTP/1.1" 526
[15/Jan/2014:23:16:28 -0800] ::1 TLSv1.2 ECDHE-RSA-AES128-GCM-SHA256 "GET / HTTP/1.1" 10283
[15/Jan/2014:23:16:28 -0800] ::1 TLSv1.2 ECDHE-RSA-AES128-GCM-SHA256 "GET /polysimplicity/media/css/style.css HTTP/1.1" 526
[15/Jan/2014:23:16:28 -0800] ::1 TLSv1.2 ECDHE-RSA-AES128-GCM-SHA256 "GET /polysimplicity/media/js/jquery/jquery-validation.js HTTP/1.1" 526
[15/Jan/2014:23:16:28 -0800] ::1 TLSv1.2 ECDHE-RSA-AES128-GCM-SHA256 "GET /polysimplicity/media/js/jquery/jquery-1.8.2.min.js HTTP/1.1" 526
[15/Jan/2014:23:16:28 -0800] ::1 TLSv1.2 ECDHE-RSA-AES128-GCM-SHA256 "GET /polysimplicity/media/images/konami-logo.gif HTTP/1.1" 526
[15/Jan/2014:23:16:28 -0800] ::1 TLSv1.2 ECDHE-RSA-AES128-GCM-SHA256 "GET /polysimplicity/media/css/controllers/web/Home/index.css HTTP/1.1" 526
[15/Jan/2014:23:16:28 -0800] ::1 TLSv1.2 ECDHE-RSA-AES128-GCM-SHA256 "GET /polysimplicity/media/js/jqueryui/jquery-ui-1.9.1.custom.min.js HTTP/1.1" 526
[15/Jan/2014:23:16:28 -0800] ::1 TLSv1.2 ECDHE-RSA-AES128-GCM-SHA256 "GET /polysimplicity/media/js/ticketer/jquery.ticker.js HTTP/1.1" 526
[15/Jan/2014:23:16:28 -0800] ::1 TLSv1.2 ECDHE-RSA-AES128-GCM-SHA256 "GET /polysimplicity/media/js/controllers/web/Home/index.js HTTP/1.1" 526
[15/Jan/2014:23:16:28 -0800] ::1 TLSv1.2 ECDHE-RSA-AES128-GCM-SHA256 "GET /polysimplicity/media/js/camera/camera.js HTTP/1.1" 526
[15/Jan/2014:23:16:28 -0800] ::1 TLSv1.2 ECDHE-RSA-AES128-GCM-SHA256 "GET /polysimplicity/media/images/konami-logo.gif HTTP/1.1" 526
[15/Jan/2014:23:16:28 -0800] ::1 TLSv1.2 ECDHE-RSA-AES128-GCM-SHA256 "GET /favicon.ico HTTP/1.1" 526
[15/Jan/2014:23:16:28 -0800] ::1 TLSv1.2 ECDHE-RSA-AES128-GCM-SHA256 "GET /favicon.ico HTTP/1.1" 526
[15/Jan/2014:23:16:30 -0800] ::1 TLSv1.2 ECDHE-RSA-AES128-GCM-SHA256 "GET /polysimplicity/home HTTP/1.1" 526
[15/Jan/2014:23:16:30 -0800] ::1 TLSv1.2 ECDHE-RSA-AES128-GCM-SHA256 "GET /favicon.ico HTTP/1.1" 526
[15/Jan/2014:23:16:30 -0800] ::1 TLSv1.2 ECDHE-RSA-AES128-GCM-SHA256 "GET /favicon.ico HTTP/1.1" 526
[15/Jan/2014:23:20:17 -0800] ::1 TLSv1.2 ECDHE-RSA-AES128-GCM-SHA256 "GET /polysimplicity HTTP/1.1" 526
[15/Jan/2014:23:20:17 -0800] ::1 TLSv1.2 ECDHE-RSA-AES128-GCM-SHA256 "GET /favicon.ico HTTP/1.1" 526
[15/Jan/2014:23:20:17 -0800] ::1 TLSv1.2 ECDHE-RSA-AES128-GCM-SHA256 "GET /favicon.ico HTTP/1.1" 526
[15/Jan/2014:23:20:20 -0800] ::1 TLSv1.2 ECDHE-RSA-AES128-GCM-SHA256 "GET /polysimplicity HTTP/1.1" 526
[15/Jan/2014:23:20:20 -0800] ::1 TLSv1.2 ECDHE-RSA-AES128-GCM-SHA256 "GET /favicon.ico HTTP/1.1" 526
[15/Jan/2014:23:20:20 -0800] ::1 TLSv1.2 ECDHE-RSA-AES128-GCM-SHA256 "GET /favicon.ico HTTP/1.1" 526
[15/Jan/2014:23:20:20 -0800] ::1 TLSv1.2 ECDHE-RSA-AES128-GCM-SHA256 "GET /polysimplicity HTTP/1.1" 526
[15/Jan/2014:23:20:20 -0800] ::1 TLSv1.2 ECDHE-RSA-AES128-GCM-SHA256 "GET /favicon.ico HTTP/1.1" 526
[15/Jan/2014:23:20:20 -0800] ::1 TLSv1.2 ECDHE-RSA-AES128-GCM-SHA256 "GET /favicon.ico HTTP/1.1" 526
[15/Jan/2014:23:20:45 -0800] ::1 TLSv1.2 ECDHE-RSA-AES128-GCM-SHA256 "GET / HTTP/1.1" 11306
[15/Jan/2014:23:20:45 -0800] ::1 TLSv1.2 ECDHE-RSA-AES128-GCM-SHA256 "GET /js/libs/modernizr.min.js HTTP/1.1" 2293
[15/Jan/2014:23:20:45 -0800] ::1 TLSv1.2 ECDHE-RSA-AES128-GCM-SHA256 "GET /js/libs/jquery-1.8.3.min.js HTTP/1.1" 93637
[15/Jan/2014:23:20:45 -0800] ::1 TLSv1.2 ECDHE-RSA-AES128-GCM-SHA256 "GET /js/script.js HTTP/1.1" 9781
[15/Jan/2014:23:20:45 -0800] ::1 TLSv1.2 ECDHE-RSA-AES128-GCM-SHA256 "GET /js/libs/jquery.easing.1.3.min.js HTTP/1.1" 3436
[15/Jan/2014:23:20:45 -0800] ::1 TLSv1.2 ECDHE-RSA-AES128-GCM-SHA256 "GET /images/projects/marines.png HTTP/1.1" 335491
[15/Jan/2014:23:20:45 -0800] ::1 TLSv1.2 ECDHE-RSA-AES128-GCM-SHA256 "GET /js/libs/jquery.fitvids.js HTTP/1.1" 2915
[15/Jan/2014:23:20:45 -0800] ::1 TLSv1.2 ECDHE-RSA-AES128-GCM-SHA256 "GET /images/projects/Army.png HTTP/1.1" 271840
[15/Jan/2014:23:20:45 -0800] ::1 TLSv1.2 ECDHE-RSA-AES128-GCM-SHA256 "GET /images/site_preloader.gif HTTP/1.1" 9304
[15/Jan/2014:23:20:45 -0800] ::1 TLSv1.2 ECDHE-RSA-AES128-GCM-SHA256 "GET /images/my_pic_crop.png HTTP/1.1" 12008544
[15/Jan/2014:23:20:45 -0800] ::1 TLSv1.2 ECDHE-RSA-AES128-GCM-SHA256 "GET /images/favicons/favicon.ico HTTP/1.1" 1150
[15/Jan/2014:23:21:42 -0800] c-98-249-9-82.hsd1.va.comcast.net TLSv1.2 ECDHE-RSA-AES128-GCM-SHA256 "GET / HTTP/1.1" 11306
[15/Jan/2014:23:21:42 -0800] c-98-249-9-82.hsd1.va.comcast.net TLSv1.2 ECDHE-RSA-AES128-GCM-SHA256 "GET /css/base.css HTTP/1.1" 43129
[15/Jan/2014:23:21:42 -0800] c-98-249-9-82.hsd1.va.comcast.net TLSv1.2 ECDHE-RSA-AES128-GCM-SHA256 "GET /css/themes/color_05.css HTTP/1.1" 3138
[15/Jan/2014:23:21:42 -0800] c-98-249-9-82.hsd1.va.comcast.net TLSv1.2 ECDHE-RSA-AES128-GCM-SHA256 "GET /css/themes/type_10.css HTTP/1.1" 8855
[15/Jan/2014:23:21:42 -0800] c-98-249-9-82.hsd1.va.comcast.net TLSv1.2 ECDHE-RSA-AES128-GCM-SHA256 "GET /js/libs/modernizr.min.js HTTP/1.1" 2293
[15/Jan/2014:23:21:42 -0800] c-98-249-9-82.hsd1.va.comcast.net TLSv1.2 ECDHE-RSA-AES128-GCM-SHA256 "GET /js/script.js HTTP/1.1" 9781
[15/Jan/2014:23:21:42 -0800] c-98-249-9-82.hsd1.va.comcast.net TLSv1.2 ECDHE-RSA-AES128-GCM-SHA256 "GET /js/libs/jquery.fitvids.js HTTP/1.1" 2915
[15/Jan/2014:23:21:42 -0800] c-98-249-9-82.hsd1.va.comcast.net TLSv1.2 ECDHE-RSA-AES128-GCM-SHA256 "GET /js/libs/jquery.easing.1.3.min.js HTTP/1.1" 3436
[15/Jan/2014:23:21:42 -0800] c-98-249-9-82.hsd1.va.comcast.net TLSv1.2 ECDHE-RSA-AES128-GCM-SHA256 "GET /images/projects/vt.png HTTP/1.1" 22055
[15/Jan/2014:23:21:42 -0800] c-98-249-9-82.hsd1.va.comcast.net TLSv1.2 ECDHE-RSA-AES128-GCM-SHA256 "GET /js/libs/jquery-1.8.3.min.js HTTP/1.1" 93637
[15/Jan/2014:23:21:42 -0800] c-98-249-9-82.hsd1.va.comcast.net TLSv1.2 ECDHE-RSA-AES128-GCM-SHA256 "GET /images/site_preloader.gif HTTP/1.1" 9304
[15/Jan/2014:23:21:42 -0800] c-98-249-9-82.hsd1.va.comcast.net TLSv1.2 ECDHE-RSA-AES128-GCM-SHA256 "GET /images/masks/f0f0f0_01.png HTTP/1.1" 1286
[15/Jan/2014:23:21:42 -0800] c-98-249-9-82.hsd1.va.comcast.net TLSv1.2 ECDHE-RSA-AES128-GCM-SHA256 "GET /images/projects/Army.png HTTP/1.1" 271840
[15/Jan/2014:23:21:42 -0800] c-98-249-9-82.hsd1.va.comcast.net TLSv1.2 ECDHE-RSA-AES128-GCM-SHA256 "GET /images/projects/marines.png HTTP/1.1" 335491
[15/Jan/2014:23:21:45 -0800] ::1 TLSv1.2 ECDHE-RSA-AES128-GCM-SHA256 "-" -
[15/Jan/2014:23:21:45 -0800] ::1 TLSv1.2 ECDHE-RSA-AES128-GCM-SHA256 "-" -
[15/Jan/2014:23:21:43 -0800] c-98-249-9-82.hsd1.va.comcast.net TLSv1.2 ECDHE-RSA-AES128-GCM-SHA256 "GET /images/my_pic_crop.png HTTP/1.1" 12008544
[15/Jan/2014:23:21:45 -0800] c-98-249-9-82.hsd1.va.comcast.net TLSv1.2 ECDHE-RSA-AES128-GCM-SHA256 "GET /images/favicons/favicon.ico HTTP/1.1" 1150
[15/Jan/2014:23:39:57 -0800] c-98-249-9-82.hsd1.va.comcast.net TLSv1.2 ECDHE-RSA-AES128-GCM-SHA256 "GET / HTTP/1.1" 11306
[15/Jan/2014:23:39:57 -0800] c-98-249-9-82.hsd1.va.comcast.net TLSv1.2 ECDHE-RSA-AES128-GCM-SHA256 "GET /css/base.css HTTP/1.1" -
[15/Jan/2014:23:39:57 -0800] c-98-249-9-82.hsd1.va.comcast.net TLSv1.2 ECDHE-RSA-AES128-GCM-SHA256 "GET /css/themes/type_10.css HTTP/1.1" -
[15/Jan/2014:23:39:57 -0800] c-98-249-9-82.hsd1.va.comcast.net TLSv1.2 ECDHE-RSA-AES128-GCM-SHA256 "GET /js/libs/jquery.fitvids.js HTTP/1.1" 2915
[15/Jan/2014:23:39:57 -0800] c-98-249-9-82.hsd1.va.comcast.net TLSv1.2 ECDHE-RSA-AES128-GCM-SHA256 "GET /css/themes/color_05.css HTTP/1.1" -
[15/Jan/2014:23:39:57 -0800] c-98-249-9-82.hsd1.va.comcast.net TLSv1.2 ECDHE-RSA-AES128-GCM-SHA256 "GET /js/script.js HTTP/1.1" 9781
[15/Jan/2014:23:39:57 -0800] c-98-249-9-82.hsd1.va.comcast.net TLSv1.2 ECDHE-RSA-AES128-GCM-SHA256 "GET /js/libs/jquery.easing.1.3.min.js HTTP/1.1" 3436
[15/Jan/2014:23:39:57 -0800] c-98-249-9-82.hsd1.va.comcast.net TLSv1.2 ECDHE-RSA-AES128-GCM-SHA256 "GET /js/libs/jquery-1.8.3.min.js HTTP/1.1" 93637
[15/Jan/2014:23:39:57 -0800] c-98-249-9-82.hsd1.va.comcast.net TLSv1.2 ECDHE-RSA-AES128-GCM-SHA256 "GET /js/libs/modernizr.min.js HTTP/1.1" 2293
[15/Jan/2014:23:39:57 -0800] c-98-249-9-82.hsd1.va.comcast.net TLSv1.2 ECDHE-RSA-AES128-GCM-SHA256 "GET /images/projects/vt.png HTTP/1.1" -
[15/Jan/2014:23:39:57 -0800] c-98-249-9-82.hsd1.va.comcast.net TLSv1.2 ECDHE-RSA-AES128-GCM-SHA256 "GET /images/projects/marines.png HTTP/1.1" -
[15/Jan/2014:23:39:57 -0800] c-98-249-9-82.hsd1.va.comcast.net TLSv1.2 ECDHE-RSA-AES128-GCM-SHA256 "GET /images/projects/Army.png HTTP/1.1" -
[15/Jan/2014:23:39:57 -0800] c-98-249-9-82.hsd1.va.comcast.net TLSv1.2 ECDHE-RSA-AES128-GCM-SHA256 "GET /images/my_pic_crop.png HTTP/1.1" -
[15/Jan/2014:23:39:57 -0800] c-98-249-9-82.hsd1.va.comcast.net TLSv1.2 ECDHE-RSA-AES128-GCM-SHA256 "GET /images/site_preloader.gif HTTP/1.1" 9304
[15/Jan/2014:23:39:57 -0800] c-98-249-9-82.hsd1.va.comcast.net TLSv1.2 ECDHE-RSA-AES128-GCM-SHA256 "GET /images/masks/f0f0f0_01.png HTTP/1.1" -
[15/Jan/2014:23:39:57 -0800] c-98-249-9-82.hsd1.va.comcast.net TLSv1.2 ECDHE-RSA-AES128-GCM-SHA256 "GET /images/favicons/favicon.ico HTTP/1.1" 1150
[15/Jan/2014:23:39:57 -0800] c-98-249-9-82.hsd1.va.comcast.net TLSv1.2 ECDHE-RSA-AES128-GCM-SHA256 "GET /images/favicons/favicon.ico HTTP/1.1" 1150
[15/Jan/2014:23:40:57 -0800] 98.249.9.82 TLSv1.2 ECDHE-RSA-AES128-GCM-SHA256 "-" -
[15/Jan/2014:23:40:57 -0800] 98.249.9.82 TLSv1.2 ECDHE-RSA-AES128-GCM-SHA256 "-" -
[15/Jan/2014:23:40:57 -0800] 98.249.9.82 TLSv1.2 ECDHE-RSA-AES128-GCM-SHA256 "-" -
[16/Jan/2014:09:34:43 -0800] ws18.altess.army.mil TLSv1 ECDHE-RSA-AES256-SHA "G\xe0ET / HTTP/1.1" 202
[16/Jan/2014:09:34:44 -0800] ws18.altess.army.mil TLSv1 ECDHE-RSA-AES256-SHA "G\xd0ET /favicon.ico HTTP/1.1" 203
[16/Jan/2014:09:34:47 -0800] ws18.altess.army.mil TLSv1 ECDHE-RSA-AES256-SHA "G\x92ET / HTTP/1.1" 202
[16/Jan/2014:09:34:52 -0800] ws18.altess.army.mil TLSv1 ECDHE-RSA-AES256-SHA "G\x9dET / HTTP/1.1" 202
[16/Jan/2014:09:34:55 -0800] ws18.altess.army.mil TLSv1 ECDHE-RSA-AES256-SHA "G\xe2ET / HTTP/1.1" 202
[16/Jan/2014:09:34:57 -0800] ws18.altess.army.mil TLSv1 ECDHE-RSA-AES256-SHA "G\x80ET / HTTP/1.1" 202
[16/Jan/2014:09:34:58 -0800] ws18.altess.army.mil TLSv1 ECDHE-RSA-AES256-SHA "G\xd9ET / HTTP/1.1" 202
[16/Jan/2014:12:47:17 -0800] ws18.altess.army.mil TLSv1 ECDHE-RSA-AES256-SHA "G\xd0ET / HTTP/1.1" 202
[16/Jan/2014:12:48:50 -0800] ws18.altess.army.mil TLSv1 ECDHE-RSA-AES256-SHA "G4ET /polysimplicity/ HTTP/1.1" 10283
[16/Jan/2014:12:48:51 -0800] ws18.altess.army.mil TLSv1 ECDHE-RSA-AES256-SHA "\x93G\xbdET /polysimplicity/media/css/style.css HTTP/1.1" 227
[16/Jan/2014:12:48:51 -0800] ws18.altess.army.mil TLSv1 ECDHE-RSA-AES256-SHA "G\x9bET /polysimplicity/media/js/camera/camera.js HTTP/1.1" 232
[16/Jan/2014:12:48:51 -0800] ws18.altess.army.mil TLSv1 ECDHE-RSA-AES256-SHA "G\xf1ET /polysimplicity/media/js/ticketer/jquery.ticker.js HTTP/1.1" 241
[16/Jan/2014:12:48:51 -0800] ws18.altess.army.mil TLSv1 ECDHE-RSA-AES256-SHA "G'ET /polysimplicity/media/js/jquery/jquery-validation.js HTTP/1.1" 243
[16/Jan/2014:12:48:51 -0800] ws18.altess.army.mil TLSv1 ECDHE-RSA-AES256-SHA "G\xccET /polysimplicity/media/js/jquery/jquery-1.8.2.min.js HTTP/1.1" 242
[16/Jan/2014:12:48:51 -0800] ws18.altess.army.mil TLSv1 ECDHE-RSA-AES256-SHA "G1ET /polysimplicity/media/js/jqueryui/jquery-ui-1.9.1.custom.min.js HTTP/1.1" 254
[16/Jan/2014:12:48:51 -0800] ws18.altess.army.mil TLSv1 ECDHE-RSA-AES256-SHA "G\xd2ET /polysimplicity/media/css/controllers/web/Home/index.css HTTP/1.1" 247
[16/Jan/2014:12:48:55 -0800] ws18.altess.army.mil TLSv1 ECDHE-RSA-AES256-SHA "G\x0eET /polysimplicity/media/js/controllers/web/Home/index.js HTTP/1.1" 245
[16/Jan/2014:12:48:55 -0800] ws18.altess.army.mil TLSv1 ECDHE-RSA-AES256-SHA "GaET /polysimplicity/media/js/jquery/jquery-validation.js HTTP/1.1" 243
[16/Jan/2014:12:48:55 -0800] ws18.altess.army.mil TLSv1 ECDHE-RSA-AES256-SHA "G\x10ET /polysimplicity/media/images/konami-logo.gif HTTP/1.1" 235
[16/Jan/2014:12:48:56 -0800] ws18.altess.army.mil TLSv1 ECDHE-RSA-AES256-SHA "G\x1eET /polysimplicity/media/js/jqueryui/jquery-ui-1.9.1.custom.min.js HTTP/1.1" 254
[16/Jan/2014:12:48:56 -0800] ws18.altess.army.mil TLSv1 ECDHE-RSA-AES256-SHA "G+ET /polysimplicity/media/js/ticketer/jquery.ticker.js HTTP/1.1" 241
[16/Jan/2014:12:48:57 -0800] ws18.altess.army.mil TLSv1 ECDHE-RSA-AES256-SHA "G\xebET /polysimplicity/media/js/camera/camera.js HTTP/1.1" 232
[16/Jan/2014:12:48:58 -0800] ws18.altess.army.mil TLSv1 ECDHE-RSA-AES256-SHA "G\xceET /polysimplicity/media/js/controllers/web/Home/index.js HTTP/1.1" 245
[16/Jan/2014:12:48:59 -0800] ws18.altess.army.mil TLSv1 ECDHE-RSA-AES256-SHA "G\xebET /polysimplicity/media/images/konami-logo.gif HTTP/1.1" 235
[16/Jan/2014:12:49:21 -0800] ws18.altess.army.mil TLSv1 ECDHE-RSA-AES256-SHA "G7ET /images HTTP/1.1" 239
[16/Jan/2014:12:49:21 -0800] ws18.altess.army.mil TLSv1 ECDHE-RSA-AES256-SHA "KG\xc4ET /images/ HTTP/1.1" 200
[16/Jan/2014:12:49:26 -0800] ws18.altess.army.mil TLSv1 ECDHE-RSA-AES256-SHA "G\xe7ET / HTTP/1.1" 202
[16/Jan/2014:12:49:35 -0800] ws18.altess.army.mil TLSv1 ECDHE-RSA-AES256-SHA "G\xbaET /index.html HTTP/1.1" 202
[16/Jan/2014:18:45:11 -0800] c-98-249-9-82.hsd1.va.comcast.net TLSv1.2 ECDHE-RSA-AES128-GCM-SHA256 "GET / HTTP/1.1" 11306
[16/Jan/2014:18:45:11 -0800] c-98-249-9-82.hsd1.va.comcast.net TLSv1.2 ECDHE-RSA-AES128-GCM-SHA256 "GET /css/base.css HTTP/1.1" 43129
[16/Jan/2014:18:45:11 -0800] c-98-249-9-82.hsd1.va.comcast.net TLSv1.2 ECDHE-RSA-AES128-GCM-SHA256 "GET /css/themes/type_10.css HTTP/1.1" 8855
[16/Jan/2014:18:45:11 -0800] c-98-249-9-82.hsd1.va.comcast.net TLSv1.2 ECDHE-RSA-AES128-GCM-SHA256 "GET /css/themes/color_05.css HTTP/1.1" 3138
[16/Jan/2014:18:45:11 -0800] c-98-249-9-82.hsd1.va.comcast.net TLSv1.2 ECDHE-RSA-AES128-GCM-SHA256 "GET /js/script.js HTTP/1.1" 9781
[16/Jan/2014:18:45:11 -0800] c-98-249-9-82.hsd1.va.comcast.net TLSv1.2 ECDHE-RSA-AES128-GCM-SHA256 "GET /js/libs/jquery.fitvids.js HTTP/1.1" 2915
[16/Jan/2014:18:45:11 -0800] c-98-249-9-82.hsd1.va.comcast.net TLSv1.2 ECDHE-RSA-AES128-GCM-SHA256 "GET /js/libs/modernizr.min.js HTTP/1.1" 2293
[16/Jan/2014:18:45:11 -0800] c-98-249-9-82.hsd1.va.comcast.net TLSv1.2 ECDHE-RSA-AES128-GCM-SHA256 "GET /js/libs/jquery.easing.1.3.min.js HTTP/1.1" 3436
[16/Jan/2014:18:45:11 -0800] c-98-249-9-82.hsd1.va.comcast.net TLSv1.2 ECDHE-RSA-AES128-GCM-SHA256 "GET /images/projects/vt.png HTTP/1.1" 22055
[16/Jan/2014:18:45:11 -0800] c-98-249-9-82.hsd1.va.comcast.net TLSv1.2 ECDHE-RSA-AES128-GCM-SHA256 "GET /js/libs/jquery-1.8.3.min.js HTTP/1.1" 93637
[16/Jan/2014:18:45:11 -0800] c-98-249-9-82.hsd1.va.comcast.net TLSv1.2 ECDHE-RSA-AES128-GCM-SHA256 "GET /images/projects/marines.png HTTP/1.1" 335491
[16/Jan/2014:18:45:12 -0800] c-98-249-9-82.hsd1.va.comcast.net TLSv1.2 ECDHE-RSA-AES128-GCM-SHA256 "GET /images/site_preloader.gif HTTP/1.1" 9304
[16/Jan/2014:18:45:12 -0800] c-98-249-9-82.hsd1.va.comcast.net TLSv1.2 ECDHE-RSA-AES128-GCM-SHA256 "GET /images/masks/f0f0f0_01.png HTTP/1.1" 1286
[16/Jan/2014:18:45:11 -0800] c-98-249-9-82.hsd1.va.comcast.net TLSv1.2 ECDHE-RSA-AES128-GCM-SHA256 "GET /images/projects/Army.png HTTP/1.1" 271840
[16/Jan/2014:18:45:11 -0800] c-98-249-9-82.hsd1.va.comcast.net TLSv1.2 ECDHE-RSA-AES128-GCM-SHA256 "GET /images/my_pic_crop.png HTTP/1.1" 12008544
[16/Jan/2014:18:46:11 -0800] 98.249.9.82 TLSv1.2 ECDHE-RSA-AES128-GCM-SHA256 "-" -
[16/Jan/2014:19:06:20 -0800] c-98-249-9-82.hsd1.va.comcast.net TLSv1.2 ECDHE-RSA-AES128-GCM-SHA256 "GET / HTTP/1.1" 11306
[16/Jan/2014:19:06:20 -0800] c-98-249-9-82.hsd1.va.comcast.net TLSv1.2 ECDHE-RSA-AES128-GCM-SHA256 "GET /css/base.css HTTP/1.1" 43129
[16/Jan/2014:19:06:20 -0800] c-98-249-9-82.hsd1.va.comcast.net TLSv1.2 ECDHE-RSA-AES128-GCM-SHA256 "GET /css/themes/type_10.css HTTP/1.1" 8855
[16/Jan/2014:19:06:20 -0800] c-98-249-9-82.hsd1.va.comcast.net TLSv1.2 ECDHE-RSA-AES128-GCM-SHA256 "GET /css/themes/color_05.css HTTP/1.1" 3138
[16/Jan/2014:19:06:20 -0800] c-98-249-9-82.hsd1.va.comcast.net TLSv1.2 ECDHE-RSA-AES128-GCM-SHA256 "GET /js/libs/modernizr.min.js HTTP/1.1" 2293
[16/Jan/2014:19:06:20 -0800] c-98-249-9-82.hsd1.va.comcast.net TLSv1.2 ECDHE-RSA-AES128-GCM-SHA256 "GET /js/libs/jquery-1.8.3.min.js HTTP/1.1" 93637
[16/Jan/2014:19:06:20 -0800] c-98-249-9-82.hsd1.va.comcast.net TLSv1.2 ECDHE-RSA-AES128-GCM-SHA256 "GET /js/libs/jquery.fitvids.js HTTP/1.1" 2915
[16/Jan/2014:19:06:21 -0800] c-98-249-9-82.hsd1.va.comcast.net TLSv1.2 ECDHE-RSA-AES128-GCM-SHA256 "GET /js/script.js HTTP/1.1" 9781
[16/Jan/2014:19:06:21 -0800] c-98-249-9-82.hsd1.va.comcast.net TLSv1.2 ECDHE-RSA-AES128-GCM-SHA256 "GET /js/libs/jquery.easing.1.3.min.js HTTP/1.1" 3436
[16/Jan/2014:19:06:21 -0800] c-98-249-9-82.hsd1.va.comcast.net TLSv1.2 ECDHE-RSA-AES128-GCM-SHA256 "GET /images/projects/vt.png HTTP/1.1" 22055
[16/Jan/2014:19:06:21 -0800] c-98-249-9-82.hsd1.va.comcast.net TLSv1.2 ECDHE-RSA-AES128-GCM-SHA256 "GET /images/projects/Army.png HTTP/1.1" 271840
[16/Jan/2014:19:06:21 -0800] c-98-249-9-82.hsd1.va.comcast.net TLSv1.2 ECDHE-RSA-AES128-GCM-SHA256 "GET /images/masks/f0f0f0_01.png HTTP/1.1" 1286
[16/Jan/2014:19:06:21 -0800] c-98-249-9-82.hsd1.va.comcast.net TLSv1.2 ECDHE-RSA-AES128-GCM-SHA256 "GET /images/site_preloader.gif HTTP/1.1" 9304
[16/Jan/2014:19:06:21 -0800] c-98-249-9-82.hsd1.va.comcast.net TLSv1.2 ECDHE-RSA-AES128-GCM-SHA256 "GET /images/projects/marines.png HTTP/1.1" 335491
[16/Jan/2014:19:06:21 -0800] c-98-249-9-82.hsd1.va.comcast.net TLSv1.2 ECDHE-RSA-AES128-GCM-SHA256 "GET /images/my_pic_crop.png HTTP/1.1" 12008544
[16/Jan/2014:19:06:28 -0800] c-98-249-9-82.hsd1.va.comcast.net TLSv1.2 ECDHE-RSA-AES128-GCM-SHA256 "GET /images/favicons/favicon.ico HTTP/1.1" 1150
[16/Jan/2014:19:07:21 -0800] 98.249.9.82 TLSv1.2 ECDHE-RSA-AES128-GCM-SHA256 "-" -
[16/Jan/2014:19:20:28 -0800] unassigned.cell TLSv1.2 ECDHE-RSA-AES128-GCM-SHA256 "GET / HTTP/1.1" 11306
[16/Jan/2014:19:20:28 -0800] unassigned.cell TLSv1.2 ECDHE-RSA-AES128-GCM-SHA256 "GET /css/base.css HTTP/1.1" 43129
[16/Jan/2014:19:20:29 -0800] unassigned.cell TLSv1.2 ECDHE-RSA-AES128-GCM-SHA256 "GET /js/libs/jquery.fitvids.js HTTP/1.1" 2915
[16/Jan/2014:19:20:29 -0800] unassigned.cell TLSv1.2 ECDHE-RSA-AES128-GCM-SHA256 "GET /js/script.js HTTP/1.1" 9781
[16/Jan/2014:19:20:29 -0800] unassigned.cell TLSv1.2 ECDHE-RSA-AES128-GCM-SHA256 "GET /images/projects/vt.png HTTP/1.1" 22055
[16/Jan/2014:19:20:29 -0800] unassigned.cell TLSv1.2 ECDHE-RSA-AES128-GCM-SHA256 "GET /images/projects/marines.png HTTP/1.1" 335491
[16/Jan/2014:19:20:51 -0800] unassigned.cell TLSv1.2 ECDHE-RSA-AES128-GCM-SHA256 "GET / HTTP/1.1" 11306
[16/Jan/2014:19:20:31 -0800] unassigned.cell TLSv1.2 ECDHE-RSA-AES128-GCM-SHA256 "GET /images/my_pic_crop.png HTTP/1.1" 12008544
[16/Jan/2014:19:20:51 -0800] unassigned.cell TLSv1.2 ECDHE-RSA-AES128-GCM-SHA256 "GET /css/base.css HTTP/1.1" 43129
[16/Jan/2014:19:20:51 -0800] unassigned.cell TLSv1.2 ECDHE-RSA-AES128-GCM-SHA256 "GET /css/themes/type_10.css HTTP/1.1" 8855
[16/Jan/2014:19:20:51 -0800] unassigned.cell TLSv1.2 ECDHE-RSA-AES128-GCM-SHA256 "GET /css/themes/color_05.css HTTP/1.1" 3138
[16/Jan/2014:19:20:51 -0800] unassigned.cell TLSv1.2 ECDHE-RSA-AES128-GCM-SHA256 "GET /js/libs/jquery.easing.1.3.min.js HTTP/1.1" 3436
[16/Jan/2014:19:20:51 -0800] unassigned.cell TLSv1.2 ECDHE-RSA-AES128-GCM-SHA256 "GET /js/libs/jquery-1.8.3.min.js HTTP/1.1" 93637
[16/Jan/2014:19:20:51 -0800] unassigned.cell TLSv1.2 ECDHE-RSA-AES128-GCM-SHA256 "GET /images/projects/Army.png HTTP/1.1" 271840
[16/Jan/2014:19:20:52 -0800] unassigned.cell TLSv1.2 ECDHE-RSA-AES128-GCM-SHA256 "GET /js/libs/modernizr.min.js HTTP/1.1" 2293
[16/Jan/2014:19:20:52 -0800] unassigned.cell TLSv1.2 ECDHE-RSA-AES128-GCM-SHA256 "GET /images/site_preloader.gif HTTP/1.1" 9304
[16/Jan/2014:19:20:52 -0800] unassigned.cell TLSv1.2 ECDHE-RSA-AES128-GCM-SHA256 "GET /images/masks/f0f0f0_01.png HTTP/1.1" 1286
[16/Jan/2014:19:20:51 -0800] unassigned.cell TLSv1.2 ECDHE-RSA-AES128-GCM-SHA256 "GET /images/my_pic_crop.png HTTP/1.1" 12008544
[16/Jan/2014:19:21:50 -0800] c-98-249-9-82.hsd1.va.comcast.net TLSv1.2 ECDHE-RSA-AES128-GCM-SHA256 "GET / HTTP/1.1" 11306
[16/Jan/2014:19:21:50 -0800] c-98-249-9-82.hsd1.va.comcast.net TLSv1.2 ECDHE-RSA-AES128-GCM-SHA256 "GET /css/base.css HTTP/1.1" 43129
[16/Jan/2014:19:21:50 -0800] c-98-249-9-82.hsd1.va.comcast.net TLSv1.2 ECDHE-RSA-AES128-GCM-SHA256 "GET /css/themes/type_10.css HTTP/1.1" 8855
[16/Jan/2014:19:21:50 -0800] c-98-249-9-82.hsd1.va.comcast.net TLSv1.2 ECDHE-RSA-AES128-GCM-SHA256 "GET /css/themes/color_05.css HTTP/1.1" 3138
[16/Jan/2014:19:21:50 -0800] c-98-249-9-82.hsd1.va.comcast.net TLSv1.2 ECDHE-RSA-AES128-GCM-SHA256 "GET /js/libs/modernizr.min.js HTTP/1.1" 2293
[16/Jan/2014:19:21:50 -0800] c-98-249-9-82.hsd1.va.comcast.net TLSv1.2 ECDHE-RSA-AES128-GCM-SHA256 "GET /js/libs/jquery-1.8.3.min.js HTTP/1.1" 93637
[16/Jan/2014:19:21:50 -0800] c-98-249-9-82.hsd1.va.comcast.net TLSv1.2 ECDHE-RSA-AES128-GCM-SHA256 "GET /js/libs/jquery.easing.1.3.min.js HTTP/1.1" 3436
[16/Jan/2014:19:21:50 -0800] c-98-249-9-82.hsd1.va.comcast.net TLSv1.2 ECDHE-RSA-AES128-GCM-SHA256 "GET /js/libs/jquery.fitvids.js HTTP/1.1" 2915
[16/Jan/2014:19:21:50 -0800] c-98-249-9-82.hsd1.va.comcast.net TLSv1.2 ECDHE-RSA-AES128-GCM-SHA256 "GET /js/script.js HTTP/1.1" 9781
[16/Jan/2014:19:21:50 -0800] c-98-249-9-82.hsd1.va.comcast.net TLSv1.2 ECDHE-RSA-AES128-GCM-SHA256 "GET /images/projects/vt.png HTTP/1.1" 22055
[16/Jan/2014:19:21:50 -0800] c-98-249-9-82.hsd1.va.comcast.net TLSv1.2 ECDHE-RSA-AES128-GCM-SHA256 "GET /images/site_preloader.gif HTTP/1.1" 9304
[16/Jan/2014:19:21:50 -0800] c-98-249-9-82.hsd1.va.comcast.net TLSv1.2 ECDHE-RSA-AES128-GCM-SHA256 "GET /images/masks/f0f0f0_01.png HTTP/1.1" 1286
[16/Jan/2014:19:21:50 -0800] c-98-249-9-82.hsd1.va.comcast.net TLSv1.2 ECDHE-RSA-AES128-GCM-SHA256 "GET /images/projects/marines.png HTTP/1.1" 335491
[16/Jan/2014:19:21:50 -0800] c-98-249-9-82.hsd1.va.comcast.net TLSv1.2 ECDHE-RSA-AES128-GCM-SHA256 "GET /images/projects/Army.png HTTP/1.1" 271840
[16/Jan/2014:19:21:50 -0800] c-98-249-9-82.hsd1.va.comcast.net TLSv1.2 ECDHE-RSA-AES128-GCM-SHA256 "GET /images/my_pic_crop.png HTTP/1.1" 12008544
[16/Jan/2014:19:21:52 -0800] c-98-249-9-82.hsd1.va.comcast.net TLSv1.2 ECDHE-RSA-AES128-GCM-SHA256 "GET /images/favicons/favicon.ico HTTP/1.1" 1150
[16/Jan/2014:19:22:53 -0800] 98.249.9.82 TLSv1.2 ECDHE-RSA-AES128-GCM-SHA256 "-" -
[16/Jan/2014:21:45:23 -0800] c-98-249-9-82.hsd1.va.comcast.net TLSv1.2 ECDHE-RSA-AES128-GCM-SHA256 "GET / HTTP/1.1" 11416
[16/Jan/2014:21:45:23 -0800] c-98-249-9-82.hsd1.va.comcast.net TLSv1.2 ECDHE-RSA-AES128-GCM-SHA256 "GET /css/base.css HTTP/1.1" 43556
[16/Jan/2014:21:45:23 -0800] c-98-249-9-82.hsd1.va.comcast.net TLSv1.2 ECDHE-RSA-AES128-GCM-SHA256 "GET /css/themes/type_10.css HTTP/1.1" 8855
[16/Jan/2014:21:45:23 -0800] c-98-249-9-82.hsd1.va.comcast.net TLSv1.2 ECDHE-RSA-AES128-GCM-SHA256 "GET /js/script.js HTTP/1.1" 9781
[16/Jan/2014:21:45:23 -0800] c-98-249-9-82.hsd1.va.comcast.net TLSv1.2 ECDHE-RSA-AES128-GCM-SHA256 "GET /images/projects/VT_2.png HTTP/1.1" 40618
[16/Jan/2014:21:45:23 -0800] c-98-249-9-82.hsd1.va.comcast.net TLSv1.2 ECDHE-RSA-AES128-GCM-SHA256 "GET /js/libs/jquery.easing.1.3.min.js HTTP/1.1" 3436
[16/Jan/2014:21:45:23 -0800] c-98-249-9-82.hsd1.va.comcast.net TLSv1.2 ECDHE-RSA-AES128-GCM-SHA256 "GET /js/libs/jquery.fitvids.js HTTP/1.1" 2915
[16/Jan/2014:21:45:23 -0800] c-98-249-9-82.hsd1.va.comcast.net TLSv1.2 ECDHE-RSA-AES128-GCM-SHA256 "GET /images/projects/vt.png HTTP/1.1" 22055
[16/Jan/2014:21:45:23 -0800] c-98-249-9-82.hsd1.va.comcast.net TLSv1.2 ECDHE-RSA-AES128-GCM-SHA256 "GET /css/themes/color_05.css HTTP/1.1" 3138
[16/Jan/2014:21:45:23 -0800] c-98-249-9-82.hsd1.va.comcast.net TLSv1.2 ECDHE-RSA-AES128-GCM-SHA256 "GET /js/libs/modernizr.min.js HTTP/1.1" 2293
[16/Jan/2014:21:45:23 -0800] c-98-249-9-82.hsd1.va.comcast.net TLSv1.2 ECDHE-RSA-AES128-GCM-SHA256 "GET /js/libs/jquery-1.8.3.min.js HTTP/1.1" 93637
[16/Jan/2014:21:45:23 -0800] c-98-249-9-82.hsd1.va.comcast.net TLSv1.2 ECDHE-RSA-AES128-GCM-SHA256 "GET /images/site_preloader.gif HTTP/1.1" 9304
[16/Jan/2014:21:45:23 -0800] c-98-249-9-82.hsd1.va.comcast.net TLSv1.2 ECDHE-RSA-AES128-GCM-SHA256 "GET /images/masks/f0f0f0_01.png HTTP/1.1" 1286
[16/Jan/2014:21:45:23 -0800] c-98-249-9-82.hsd1.va.comcast.net TLSv1.2 ECDHE-RSA-AES128-GCM-SHA256 "GET /images/projects/Army.png HTTP/1.1" 271840
[16/Jan/2014:21:45:23 -0800] c-98-249-9-82.hsd1.va.comcast.net TLSv1.2 ECDHE-RSA-AES128-GCM-SHA256 "GET /images/projects/marines.png HTTP/1.1" 335491
[16/Jan/2014:21:45:23 -0800] c-98-249-9-82.hsd1.va.comcast.net TLSv1.2 ECDHE-RSA-AES128-GCM-SHA256 "GET /images/my_pic_crop.png HTTP/1.1" 12008544
[16/Jan/2014:21:46:26 -0800] 98.249.9.82 TLSv1.2 ECDHE-RSA-AES128-GCM-SHA256 "-" -
[17/Jan/2014:00:50:48 -0800] c-98-249-9-82.hsd1.va.comcast.net TLSv1.2 ECDHE-RSA-AES128-GCM-SHA256 "GET / HTTP/1.1" 11792
[17/Jan/2014:00:50:48 -0800] c-98-249-9-82.hsd1.va.comcast.net TLSv1.2 ECDHE-RSA-AES128-GCM-SHA256 "GET /css/base.css HTTP/1.1" 43723
[17/Jan/2014:00:50:48 -0800] c-98-249-9-82.hsd1.va.comcast.net TLSv1.2 ECDHE-RSA-AES128-GCM-SHA256 "GET /css/themes/type_10.css HTTP/1.1" 8855
[17/Jan/2014:00:50:48 -0800] c-98-249-9-82.hsd1.va.comcast.net TLSv1.2 ECDHE-RSA-AES128-GCM-SHA256 "GET /js/script.js HTTP/1.1" 9781
[17/Jan/2014:00:50:48 -0800] c-98-249-9-82.hsd1.va.comcast.net TLSv1.2 ECDHE-RSA-AES128-GCM-SHA256 "GET /images/projects/VT_2.png HTTP/1.1" 40618
[17/Jan/2014:00:50:48 -0800] c-98-249-9-82.hsd1.va.comcast.net TLSv1.2 ECDHE-RSA-AES128-GCM-SHA256 "GET /js/libs/jquery.easing.1.3.min.js HTTP/1.1" 3436
[17/Jan/2014:00:50:48 -0800] c-98-249-9-82.hsd1.va.comcast.net TLSv1.2 ECDHE-RSA-AES128-GCM-SHA256 "GET /js/libs/jquery.fitvids.js HTTP/1.1" 2915
[17/Jan/2014:00:50:48 -0800] c-98-249-9-82.hsd1.va.comcast.net TLSv1.2 ECDHE-RSA-AES128-GCM-SHA256 "GET /images/projects/vt.png HTTP/1.1" 22055
[17/Jan/2014:00:50:48 -0800] c-98-249-9-82.hsd1.va.comcast.net TLSv1.2 ECDHE-RSA-AES128-GCM-SHA256 "GET /css/themes/color_05.css HTTP/1.1" 3138
[17/Jan/2014:00:50:48 -0800] c-98-249-9-82.hsd1.va.comcast.net TLSv1.2 ECDHE-RSA-AES128-GCM-SHA256 "GET /js/libs/modernizr.min.js HTTP/1.1" 2293
[17/Jan/2014:00:50:48 -0800] c-98-249-9-82.hsd1.va.comcast.net TLSv1.2 ECDHE-RSA-AES128-GCM-SHA256 "GET /images/projects/Army.png HTTP/1.1" 271840
[17/Jan/2014:00:50:48 -0800] c-98-249-9-82.hsd1.va.comcast.net TLSv1.2 ECDHE-RSA-AES128-GCM-SHA256 "GET /images/projects/marines.png HTTP/1.1" 335491
[17/Jan/2014:00:50:48 -0800] c-98-249-9-82.hsd1.va.comcast.net TLSv1.2 ECDHE-RSA-AES128-GCM-SHA256 "GET /js/libs/jquery-1.8.3.min.js HTTP/1.1" 93637
[17/Jan/2014:00:50:48 -0800] c-98-249-9-82.hsd1.va.comcast.net TLSv1.2 ECDHE-RSA-AES128-GCM-SHA256 "GET /images/site_preloader.gif HTTP/1.1" 9304
[17/Jan/2014:00:50:48 -0800] c-98-249-9-82.hsd1.va.comcast.net TLSv1.2 ECDHE-RSA-AES128-GCM-SHA256 "GET /images/masks/f0f0f0_01.png HTTP/1.1" 1286
[17/Jan/2014:00:50:48 -0800] c-98-249-9-82.hsd1.va.comcast.net TLSv1.2 ECDHE-RSA-AES128-GCM-SHA256 "GET /images/my_pic_crop.png HTTP/1.1" 12008544
[17/Jan/2014:00:50:59 -0800] c-98-249-9-82.hsd1.va.comcast.net TLSv1.2 ECDHE-RSA-AES128-GCM-SHA256 "GET /resume.pdf HTTP/1.1" 104097
[17/Jan/2014:00:50:59 -0800] c-98-249-9-82.hsd1.va.comcast.net TLSv1.2 ECDHE-RSA-AES128-GCM-SHA256 "GET /resume.pdf HTTP/1.1" 32768
[17/Jan/2014:00:50:59 -0800] c-98-249-9-82.hsd1.va.comcast.net TLSv1.2 ECDHE-RSA-AES128-GCM-SHA256 "GET /favicon.ico HTTP/1.1" 209
[17/Jan/2014:00:50:59 -0800] c-98-249-9-82.hsd1.va.comcast.net TLSv1.2 ECDHE-RSA-AES128-GCM-SHA256 "GET /resume.pdf HTTP/1.1" 71329
[17/Jan/2014:00:50:59 -0800] c-98-249-9-82.hsd1.va.comcast.net TLSv1.2 ECDHE-RSA-AES128-GCM-SHA256 "GET /favicon.ico HTTP/1.1" 209
[17/Jan/2014:00:51:01 -0800] c-98-249-9-82.hsd1.va.comcast.net TLSv1.2 ECDHE-RSA-AES128-GCM-SHA256 "GET / HTTP/1.1" 11792
[17/Jan/2014:00:51:01 -0800] c-98-249-9-82.hsd1.va.comcast.net TLSv1.2 ECDHE-RSA-AES128-GCM-SHA256 "GET /js/libs/modernizr.min.js HTTP/1.1" 2293
[17/Jan/2014:00:51:01 -0800] c-98-249-9-82.hsd1.va.comcast.net TLSv1.2 ECDHE-RSA-AES128-GCM-SHA256 "GET /js/libs/jquery-1.8.3.min.js HTTP/1.1" 93637
[17/Jan/2014:00:51:01 -0800] c-98-249-9-82.hsd1.va.comcast.net TLSv1.2 ECDHE-RSA-AES128-GCM-SHA256 "GET /js/libs/jquery.fitvids.js HTTP/1.1" 2915
[17/Jan/2014:00:51:01 -0800] c-98-249-9-82.hsd1.va.comcast.net TLSv1.2 ECDHE-RSA-AES128-GCM-SHA256 "GET /js/libs/jquery.easing.1.3.min.js HTTP/1.1" 3436
[17/Jan/2014:00:51:01 -0800] c-98-249-9-82.hsd1.va.comcast.net TLSv1.2 ECDHE-RSA-AES128-GCM-SHA256 "GET /js/script.js HTTP/1.1" 9781
[17/Jan/2014:00:51:01 -0800] c-98-249-9-82.hsd1.va.comcast.net TLSv1.2 ECDHE-RSA-AES128-GCM-SHA256 "GET /images/site_preloader.gif HTTP/1.1" 9304
[17/Jan/2014:15:11:56 -0800] 199.123.76.18 TLSv1 ECDHE-RSA-AES256-SHA "G" 226
[17/Jan/2014:15:11:56 -0800] ws18.altess.army.mil TLSv1 ECDHE-RSA-AES256-SHA "G\xbfET /favicon.ico HTTP/1.1" 203
[17/Jan/2014:15:12:01 -0800] ws18.altess.army.mil TLSv1 ECDHE-RSA-AES256-SHA "G\xacET / HTTP/1.1" 202
[17/Jan/2014:15:12:05 -0800] ws18.altess.army.mil TLSv1 ECDHE-RSA-AES256-SHA "GVET / HTTP/1.1" 202
[17/Jan/2014:15:12:09 -0800] ws18.altess.army.mil TLSv1 ECDHE-RSA-AES256-SHA "G>ET / HTTP/1.1" 205
[17/Jan/2014:15:12:11 -0800] 199.123.76.18 TLSv1 ECDHE-RSA-AES256-SHA "G\x0cET / HTTP/1.1" 226
[17/Jan/2014:15:12:17 -0800] ws18.altess.army.mil TLSv1 ECDHE-RSA-AES256-SHA "GhET / HTTP/1.1" 202
[17/Jan/2014:15:12:25 -0800] ws18.altess.army.mil TLSv1 ECDHE-RSA-AES256-SHA "G\xb6ET / HTTP/1.1" 202
[17/Jan/2014:15:14:27 -0800] ws18.altess.army.mil TLSv1 ECDHE-RSA-AES256-SHA "G(ET / HTTP/1.1" 202
[17/Jan/2014:15:17:01 -0800] ws18.altess.army.mil TLSv1 ECDHE-RSA-AES256-SHA "G\xd0ET /favicon.ico HTTP/1.1" 203
[17/Jan/2014:15:28:50 -0800] ws18.altess.army.mil TLSv1 ECDHE-RSA-AES256-SHA "GlET / HTTP/1.1" 202
[17/Jan/2014:15:28:53 -0800] ws18.altess.army.mil TLSv1 ECDHE-RSA-AES256-SHA "G+ET / HTTP/1.1" 202
[17/Jan/2014:15:28:55 -0800] ws18.altess.army.mil TLSv1 ECDHE-RSA-AES256-SHA "GEET / HTTP/1.1" 202
[17/Jan/2014:15:29:06 -0800] ws18.altess.army.mil TLSv1 ECDHE-RSA-AES256-SHA "G\xe5ET / HTTP/1.1" 202
[17/Jan/2014:15:29:13 -0800] ws18.altess.army.mil TLSv1 ECDHE-RSA-AES256-SHA "G\xc7ET / HTTP/1.1" 202
[17/Jan/2014:15:33:54 -0800] ws18.altess.army.mil TLSv1 ECDHE-RSA-AES256-SHA "G\x9cET / HTTP/1.1" 202
[17/Jan/2014:15:33:55 -0800] ws18.altess.army.mil TLSv1 ECDHE-RSA-AES256-SHA "GrET /favicon.ico HTTP/1.1" 203
[17/Jan/2014:15:34:00 -0800] ws18.altess.army.mil TLSv1 ECDHE-RSA-AES256-SHA "G\xc8ET / HTTP/1.1" 202
[17/Jan/2014:15:34:06 -0800] ws18.altess.army.mil TLSv1 ECDHE-RSA-AES256-SHA "G\x11ET / HTTP/1.1" 202
[17/Jan/2014:15:34:11 -0800] ws18.altess.army.mil TLSv1 ECDHE-RSA-AES256-SHA "G\x8aET / HTTP/1.1" 202
[17/Jan/2014:15:34:15 -0800] ws18.altess.army.mil TLSv1 ECDHE-RSA-AES256-SHA "GAET / HTTP/1.1" 202
[17/Jan/2014:15:34:34 -0800] ws18.altess.army.mil TLSv1 AES128-SHA "G\x98ET / HTTP/1.1" 202
[17/Jan/2014:15:38:23 -0800] 206.37.238.83 TLSv1 DHE-RSA-AES256-SHA "GET / HTTP/1.1" 11792
[17/Jan/2014:15:38:56 -0800] 206.37.238.83 TLSv1 DHE-RSA-AES256-SHA "GET / HTTP/1.1" 11792
[17/Jan/2014:15:39:32 -0800] ws18.altess.army.mil TLSv1 ECDHE-RSA-AES256-SHA "G\x85ET / HTTP/1.1" 202
[17/Jan/2014:20:21:25 -0800] 86-105-36-246.datanet.ro TLSv1 ECDHE-RSA-AES256-SHA "GET /admin/common/ie.css HTTP/1.1" 217
[17/Jan/2014:20:52:36 -0800] ::1 TLSv1.2 ECDHE-RSA-AES128-GCM-SHA256 "GET /polysimplicity HTTP/1.1" 241
[17/Jan/2014:20:52:36 -0800] ::1 TLSv1.2 ECDHE-RSA-AES128-GCM-SHA256 "GET /polysimplicity/ HTTP/1.1" 10283
[17/Jan/2014:20:52:37 -0800] ::1 TLSv1.2 ECDHE-RSA-AES128-GCM-SHA256 "GET /polysimplicity/media/css/style.css HTTP/1.1" 1691
[17/Jan/2014:20:52:37 -0800] ::1 TLSv1.2 ECDHE-RSA-AES128-GCM-SHA256 "GET /polysimplicity/media/css/controllers/web/Home/index.css HTTP/1.1" 1880
[17/Jan/2014:20:52:37 -0800] ::1 TLSv1.2 ECDHE-RSA-AES128-GCM-SHA256 "GET /polysimplicity/media/js/jquery/jquery-validation.js HTTP/1.1" 42117
[17/Jan/2014:20:52:37 -0800] ::1 TLSv1.2 ECDHE-RSA-AES128-GCM-SHA256 "GET /polysimplicity/media/js/jquery/jquery-1.8.2.min.js HTTP/1.1" 93435
[17/Jan/2014:20:52:37 -0800] ::1 TLSv1.2 ECDHE-RSA-AES128-GCM-SHA256 "GET /polysimplicity/media/js/ticketer/jquery.ticker.js HTTP/1.1" 16395
[17/Jan/2014:20:52:37 -0800] ::1 TLSv1.2 ECDHE-RSA-AES128-GCM-SHA256 "GET /polysimplicity/media/js/camera/camera.js HTTP/1.1" 70714
[17/Jan/2014:20:52:37 -0800] ::1 TLSv1.2 ECDHE-RSA-AES128-GCM-SHA256 "GET /polysimplicity/media/js/jqueryui/jquery-ui-1.9.1.custom.min.js HTTP/1.1" 237181
[17/Jan/2014:20:52:37 -0800] ::1 TLSv1.2 ECDHE-RSA-AES128-GCM-SHA256 "GET /polysimplicity/media/js/controllers/web/Home/index.js HTTP/1.1" 58666
[17/Jan/2014:20:52:37 -0800] ::1 TLSv1.2 ECDHE-RSA-AES128-GCM-SHA256 "GET /polysimplicity/media/images/konami-logo.gif HTTP/1.1" 2568710
[17/Jan/2014:20:52:37 -0800] ::1 TLSv1.2 ECDHE-RSA-AES128-GCM-SHA256 "GET /favicon.ico HTTP/1.1" 209
